CRITICAL - 2023-02-02 19:46:17 --> Undefined variable $data
in APPPATH\Controllers\IndicadoresController.php on line 42.
 1 APPPATH\Controllers\IndicadoresController.php(42): CodeIgniter\Debug\Exceptions->errorHandler()
 2 SYSTEMPATH\CodeIgniter.php(934): App\Controllers\IndicadoresController->getDataFilter()
 3 SYSTEMPATH\CodeIgniter.php(499): CodeIgniter\CodeIgniter->runController()
 4 SYSTEMPATH\CodeIgniter.php(368): CodeIgniter\CodeIgniter->handleRequest()
 5 FCPATH\index.php(67): CodeIgniter\CodeIgniter->run()
 6 SYSTEMPATH\Commands\Server\rewrite.php(47): require_once('FCPATH\\index.php')
CRITICAL - 2023-02-02 19:46:22 --> Undefined variable $data
in APPPATH\Controllers\IndicadoresController.php on line 42.
 1 APPPATH\Controllers\IndicadoresController.php(42): CodeIgniter\Debug\Exceptions->errorHandler()
 2 SYSTEMPATH\CodeIgniter.php(934): App\Controllers\IndicadoresController->getDataFilter()
 3 SYSTEMPATH\CodeIgniter.php(499): CodeIgniter\CodeIgniter->runController()
 4 SYSTEMPATH\CodeIgniter.php(368): CodeIgniter\CodeIgniter->handleRequest()
 5 FCPATH\index.php(67): CodeIgniter\CodeIgniter->run()
 6 SYSTEMPATH\Commands\Server\rewrite.php(47): require_once('FCPATH\\index.php')
CRITICAL - 2023-02-02 20:05:32 --> Call to undefined method App\Models\Indicadores::whereBetween
in SYSTEMPATH\Model.php on line 841.
 1 APPPATH\Controllers\IndicadoresController.php(34): CodeIgniter\Model->__call()
 2 SYSTEMPATH\CodeIgniter.php(934): App\Controllers\IndicadoresController->getDataFilter()
 3 SYSTEMPATH\CodeIgniter.php(499): CodeIgniter\CodeIgniter->runController()
 4 SYSTEMPATH\CodeIgniter.php(368): CodeIgniter\CodeIgniter->handleRequest()
 5 FCPATH\index.php(67): CodeIgniter\CodeIgniter->run()
 6 SYSTEMPATH\Commands\Server\rewrite.php(47): require_once('FCPATH\\index.php')
CRITICAL - 2023-02-02 20:05:36 --> Call to undefined method App\Models\Indicadores::whereBetween
in SYSTEMPATH\Model.php on line 841.
 1 APPPATH\Controllers\IndicadoresController.php(34): CodeIgniter\Model->__call()
 2 SYSTEMPATH\CodeIgniter.php(934): App\Controllers\IndicadoresController->getDataFilter()
 3 SYSTEMPATH\CodeIgniter.php(499): CodeIgniter\CodeIgniter->runController()
 4 SYSTEMPATH\CodeIgniter.php(368): CodeIgniter\CodeIgniter->handleRequest()
 5 FCPATH\index.php(67): CodeIgniter\CodeIgniter->run()
 6 SYSTEMPATH\Commands\Server\rewrite.php(47): require_once('FCPATH\\index.php')
CRITICAL - 2023-02-02 20:08:46 --> Call to undefined method App\Models\Indicadores::whereBetween
in SYSTEMPATH\Model.php on line 841.
 1 APPPATH\Controllers\IndicadoresController.php(34): CodeIgniter\Model->__call()
 2 SYSTEMPATH\CodeIgniter.php(934): App\Controllers\IndicadoresController->getDataFilter()
 3 SYSTEMPATH\CodeIgniter.php(499): CodeIgniter\CodeIgniter->runController()
 4 SYSTEMPATH\CodeIgniter.php(368): CodeIgniter\CodeIgniter->handleRequest()
 5 FCPATH\index.php(67): CodeIgniter\CodeIgniter->run()
 6 SYSTEMPATH\Commands\Server\rewrite.php(47): require_once('FCPATH\\index.php')
CRITICAL - 2023-02-02 20:09:35 --> Call to undefined method App\Models\Indicadores::whereBetween
in SYSTEMPATH\Model.php on line 841.
 1 APPPATH\Controllers\IndicadoresController.php(34): CodeIgniter\Model->__call()
 2 SYSTEMPATH\CodeIgniter.php(934): App\Controllers\IndicadoresController->getDataFilter()
 3 SYSTEMPATH\CodeIgniter.php(499): CodeIgniter\CodeIgniter->runController()
 4 SYSTEMPATH\CodeIgniter.php(368): CodeIgniter\CodeIgniter->handleRequest()
 5 FCPATH\index.php(67): CodeIgniter\CodeIgniter->run()
 6 SYSTEMPATH\Commands\Server\rewrite.php(47): require_once('FCPATH\\index.php')
CRITICAL - 2023-02-02 20:09:38 --> Call to undefined method App\Models\Indicadores::whereBetween
in SYSTEMPATH\Model.php on line 841.
 1 APPPATH\Controllers\IndicadoresController.php(34): CodeIgniter\Model->__call()
 2 SYSTEMPATH\CodeIgniter.php(934): App\Controllers\IndicadoresController->getDataFilter()
 3 SYSTEMPATH\CodeIgniter.php(499): CodeIgniter\CodeIgniter->runController()
 4 SYSTEMPATH\CodeIgniter.php(368): CodeIgniter\CodeIgniter->handleRequest()
 5 FCPATH\index.php(67): CodeIgniter\CodeIgniter->run()
 6 SYSTEMPATH\Commands\Server\rewrite.php(47): require_once('FCPATH\\index.php')
CRITICAL - 2023-02-02 20:11:42 --> Call to undefined method App\Models\Indicadores::whereBetween
in SYSTEMPATH\Model.php on line 841.
 1 APPPATH\Controllers\IndicadoresController.php(34): CodeIgniter\Model->__call()
 2 SYSTEMPATH\CodeIgniter.php(934): App\Controllers\IndicadoresController->getDataFilter()
 3 SYSTEMPATH\CodeIgniter.php(499): CodeIgniter\CodeIgniter->runController()
 4 SYSTEMPATH\CodeIgniter.php(368): CodeIgniter\CodeIgniter->handleRequest()
 5 FCPATH\index.php(67): CodeIgniter\CodeIgniter->run()
 6 SYSTEMPATH\Commands\Server\rewrite.php(47): require_once('FCPATH\\index.php')
CRITICAL - 2023-02-02 20:35:34 --> Call to undefined method App\Models\Indicadores::whereBetween
in SYSTEMPATH\Model.php on line 841.
 1 APPPATH\Controllers\IndicadoresController.php(34): CodeIgniter\Model->__call()
 2 SYSTEMPATH\CodeIgniter.php(934): App\Controllers\IndicadoresController->getDataFilter()
 3 SYSTEMPATH\CodeIgniter.php(499): CodeIgniter\CodeIgniter->runController()
 4 SYSTEMPATH\CodeIgniter.php(368): CodeIgniter\CodeIgniter->handleRequest()
 5 FCPATH\index.php(67): CodeIgniter\CodeIgniter->run()
 6 SYSTEMPATH\Commands\Server\rewrite.php(47): require_once('FCPATH\\index.php')
CRITICAL - 2023-02-02 20:36:15 --> Call to undefined method App\Models\Indicadores::whereBetween
in SYSTEMPATH\Model.php on line 841.
 1 APPPATH\Controllers\IndicadoresController.php(35): CodeIgniter\Model->__call()
 2 SYSTEMPATH\CodeIgniter.php(934): App\Controllers\IndicadoresController->getDataFilter()
 3 SYSTEMPATH\CodeIgniter.php(499): CodeIgniter\CodeIgniter->runController()
 4 SYSTEMPATH\CodeIgniter.php(368): CodeIgniter\CodeIgniter->handleRequest()
 5 FCPATH\index.php(67): CodeIgniter\CodeIgniter->run()
 6 SYSTEMPATH\Commands\Server\rewrite.php(47): require_once('FCPATH\\index.php')
CRITICAL - 2023-02-02 20:36:19 --> Call to undefined method App\Models\Indicadores::whereBetween
in SYSTEMPATH\Model.php on line 841.
 1 APPPATH\Controllers\IndicadoresController.php(35): CodeIgniter\Model->__call()
 2 SYSTEMPATH\CodeIgniter.php(934): App\Controllers\IndicadoresController->getDataFilter()
 3 SYSTEMPATH\CodeIgniter.php(499): CodeIgniter\CodeIgniter->runController()
 4 SYSTEMPATH\CodeIgniter.php(368): CodeIgniter\CodeIgniter->handleRequest()
 5 FCPATH\index.php(67): CodeIgniter\CodeIgniter->run()
 6 SYSTEMPATH\Commands\Server\rewrite.php(47): require_once('FCPATH\\index.php')
CRITICAL - 2023-02-02 20:36:50 --> Call to undefined method App\Models\Indicadores::whereBetween
in SYSTEMPATH\Model.php on line 841.
 1 APPPATH\Controllers\IndicadoresController.php(35): CodeIgniter\Model->__call()
 2 SYSTEMPATH\CodeIgniter.php(934): App\Controllers\IndicadoresController->getDataFilter()
 3 SYSTEMPATH\CodeIgniter.php(499): CodeIgniter\CodeIgniter->runController()
 4 SYSTEMPATH\CodeIgniter.php(368): CodeIgniter\CodeIgniter->handleRequest()
 5 FCPATH\index.php(67): CodeIgniter\CodeIgniter->run()
 6 SYSTEMPATH\Commands\Server\rewrite.php(47): require_once('FCPATH\\index.php')
CRITICAL - 2023-02-02 20:39:49 --> Object of class App\Models\Indicadores could not be converted to string
in APPPATH\Controllers\IndicadoresController.php on line 36.
 1 SYSTEMPATH\CodeIgniter.php(934): App\Controllers\IndicadoresController->getDataFilter()
 2 SYSTEMPATH\CodeIgniter.php(499): CodeIgniter\CodeIgniter->runController()
 3 SYSTEMPATH\CodeIgniter.php(368): CodeIgniter\CodeIgniter->handleRequest()
 4 FCPATH\index.php(67): CodeIgniter\CodeIgniter->run()
 5 SYSTEMPATH\Commands\Server\rewrite.php(47): require_once('FCPATH\\index.php')
ERROR - 2023-02-02 20:43:32 --> ErrorException: pg_query(): Query failed: ERROR:  no existe la columna «fechaindicador»
LINE 3: WHERE fechaIndicador BETWEEN '2021-01-04' AND '2021-01-10'
              ^
HINT:  Probablemente quiera hacer referencia a la columna «indicadores.fechaIndicador». in D:\Estudio\solutoriaTest\system\Database\Postgre\Connection.php:147
Stack trace:
#0 [internal function]: CodeIgniter\Debug\Exceptions->errorHandler()
#1 D:\Estudio\solutoriaTest\system\Database\Postgre\Connection.php(147): pg_query()
#2 D:\Estudio\solutoriaTest\system\Database\BaseConnection.php(691): CodeIgniter\Database\Postgre\Connection->execute()
#3 D:\Estudio\solutoriaTest\system\Database\BaseConnection.php(605): CodeIgniter\Database\BaseConnection->simpleQuery()
#4 D:\Estudio\solutoriaTest\system\Database\BaseBuilder.php(1602): CodeIgniter\Database\BaseConnection->query()
#5 D:\Estudio\solutoriaTest\system\Model.php(240): CodeIgniter\Database\BaseBuilder->get()
#6 D:\Estudio\solutoriaTest\system\BaseModel.php(618): CodeIgniter\Model->doFindAll()
#7 D:\Estudio\solutoriaTest\app\Controllers\IndicadoresController.php(36): CodeIgniter\BaseModel->findAll()
#8 D:\Estudio\solutoriaTest\system\CodeIgniter.php(934): App\Controllers\IndicadoresController->getDataFilter()
#9 D:\Estudio\solutoriaTest\system\CodeIgniter.php(499): CodeIgniter\CodeIgniter->runController()
#10 D:\Estudio\solutoriaTest\system\CodeIgniter.php(368): CodeIgniter\CodeIgniter->handleRequest()
#11 D:\Estudio\solutoriaTest\public\index.php(67): CodeIgniter\CodeIgniter->run()
#12 D:\Estudio\solutoriaTest\system\Commands\Server\rewrite.php(47): require_once('...')
#13 {main}
CRITICAL - 2023-02-02 20:43:32 --> pg_query(): Query failed: ERROR:  no existe la columna «fechaindicador»
LINE 3: WHERE fechaIndicador BETWEEN '2021-01-04' AND '2021-01-10'
              ^
HINT:  Probablemente quiera hacer referencia a la columna «indicadores.fechaIndicador».
in SYSTEMPATH\Database\BaseConnection.php on line 645.
 1 SYSTEMPATH\Database\BaseBuilder.php(1602): CodeIgniter\Database\BaseConnection->query()
 2 SYSTEMPATH\Model.php(240): CodeIgniter\Database\BaseBuilder->get()
 3 SYSTEMPATH\BaseModel.php(618): CodeIgniter\Model->doFindAll()
 4 APPPATH\Controllers\IndicadoresController.php(36): CodeIgniter\BaseModel->findAll()
 5 SYSTEMPATH\CodeIgniter.php(934): App\Controllers\IndicadoresController->getDataFilter()
 6 SYSTEMPATH\CodeIgniter.php(499): CodeIgniter\CodeIgniter->runController()
 7 SYSTEMPATH\CodeIgniter.php(368): CodeIgniter\CodeIgniter->handleRequest()
 8 FCPATH\index.php(67): CodeIgniter\CodeIgniter->run()
 9 SYSTEMPATH\Commands\Server\rewrite.php(47): require_once('FCPATH\\index.php')
CRITICAL - 2023-02-02 20:49:29 --> Call to undefined method App\Models\Indicadores::whereBetween
in SYSTEMPATH\Model.php on line 841.
 1 APPPATH\Models\Indicadores.php(41): CodeIgniter\Model->__call()
 2 APPPATH\Controllers\IndicadoresController.php(31): App\Models\Indicadores->getDataFilter()
 3 SYSTEMPATH\CodeIgniter.php(934): App\Controllers\IndicadoresController->getDataFilter()
 4 SYSTEMPATH\CodeIgniter.php(499): CodeIgniter\CodeIgniter->runController()
 5 SYSTEMPATH\CodeIgniter.php(368): CodeIgniter\CodeIgniter->handleRequest()
 6 FCPATH\index.php(67): CodeIgniter\CodeIgniter->run()
 7 SYSTEMPATH\Commands\Server\rewrite.php(47): require_once('FCPATH\\index.php')
CRITICAL - 2023-02-02 20:49:34 --> Call to undefined method App\Models\Indicadores::whereBetween
in SYSTEMPATH\Model.php on line 841.
 1 APPPATH\Models\Indicadores.php(41): CodeIgniter\Model->__call()
 2 APPPATH\Controllers\IndicadoresController.php(31): App\Models\Indicadores->getDataFilter()
 3 SYSTEMPATH\CodeIgniter.php(934): App\Controllers\IndicadoresController->getDataFilter()
 4 SYSTEMPATH\CodeIgniter.php(499): CodeIgniter\CodeIgniter->runController()
 5 SYSTEMPATH\CodeIgniter.php(368): CodeIgniter\CodeIgniter->handleRequest()
 6 FCPATH\index.php(67): CodeIgniter\CodeIgniter->run()
 7 SYSTEMPATH\Commands\Server\rewrite.php(47): require_once('FCPATH\\index.php')
CRITICAL - 2023-02-02 20:50:29 --> Call to undefined method App\Models\Indicadores::whereBetween
in SYSTEMPATH\Model.php on line 841.
 1 APPPATH\Models\Indicadores.php(42): CodeIgniter\Model->__call()
 2 APPPATH\Controllers\IndicadoresController.php(31): App\Models\Indicadores->getDataFilter()
 3 SYSTEMPATH\CodeIgniter.php(934): App\Controllers\IndicadoresController->getDataFilter()
 4 SYSTEMPATH\CodeIgniter.php(499): CodeIgniter\CodeIgniter->runController()
 5 SYSTEMPATH\CodeIgniter.php(368): CodeIgniter\CodeIgniter->handleRequest()
 6 FCPATH\index.php(67): CodeIgniter\CodeIgniter->run()
 7 SYSTEMPATH\Commands\Server\rewrite.php(47): require_once('FCPATH\\index.php')
CRITICAL - 2023-02-02 20:50:31 --> Call to undefined method App\Models\Indicadores::whereBetween
in SYSTEMPATH\Model.php on line 841.
 1 APPPATH\Models\Indicadores.php(42): CodeIgniter\Model->__call()
 2 APPPATH\Controllers\IndicadoresController.php(31): App\Models\Indicadores->getDataFilter()
 3 SYSTEMPATH\CodeIgniter.php(934): App\Controllers\IndicadoresController->getDataFilter()
 4 SYSTEMPATH\CodeIgniter.php(499): CodeIgniter\CodeIgniter->runController()
 5 SYSTEMPATH\CodeIgniter.php(368): CodeIgniter\CodeIgniter->handleRequest()
 6 FCPATH\index.php(67): CodeIgniter\CodeIgniter->run()
 7 SYSTEMPATH\Commands\Server\rewrite.php(47): require_once('FCPATH\\index.php')
CRITICAL - 2023-02-02 20:50:41 --> Call to undefined method App\Models\Indicadores::whereBetween
in SYSTEMPATH\Model.php on line 841.
 1 APPPATH\Models\Indicadores.php(42): CodeIgniter\Model->__call()
 2 APPPATH\Controllers\IndicadoresController.php(31): App\Models\Indicadores->getDataFilter()
 3 SYSTEMPATH\CodeIgniter.php(934): App\Controllers\IndicadoresController->getDataFilter()
 4 SYSTEMPATH\CodeIgniter.php(499): CodeIgniter\CodeIgniter->runController()
 5 SYSTEMPATH\CodeIgniter.php(368): CodeIgniter\CodeIgniter->handleRequest()
 6 FCPATH\index.php(67): CodeIgniter\CodeIgniter->run()
 7 SYSTEMPATH\Commands\Server\rewrite.php(47): require_once('FCPATH\\index.php')
CRITICAL - 2023-02-02 20:50:45 --> Call to undefined method App\Models\Indicadores::whereBetween
in SYSTEMPATH\Model.php on line 841.
 1 APPPATH\Models\Indicadores.php(42): CodeIgniter\Model->__call()
 2 APPPATH\Controllers\IndicadoresController.php(31): App\Models\Indicadores->getDataFilter()
 3 SYSTEMPATH\CodeIgniter.php(934): App\Controllers\IndicadoresController->getDataFilter()
 4 SYSTEMPATH\CodeIgniter.php(499): CodeIgniter\CodeIgniter->runController()
 5 SYSTEMPATH\CodeIgniter.php(368): CodeIgniter\CodeIgniter->handleRequest()
 6 FCPATH\index.php(67): CodeIgniter\CodeIgniter->run()
 7 SYSTEMPATH\Commands\Server\rewrite.php(47): require_once('FCPATH\\index.php')
CRITICAL - 2023-02-02 20:51:00 --> Call to undefined method App\Models\Indicadores::whereBetween
in SYSTEMPATH\Model.php on line 841.
 1 APPPATH\Models\Indicadores.php(42): CodeIgniter\Model->__call()
 2 APPPATH\Controllers\IndicadoresController.php(31): App\Models\Indicadores->getDataFilter()
 3 SYSTEMPATH\CodeIgniter.php(934): App\Controllers\IndicadoresController->getDataFilter()
 4 SYSTEMPATH\CodeIgniter.php(499): CodeIgniter\CodeIgniter->runController()
 5 SYSTEMPATH\CodeIgniter.php(368): CodeIgniter\CodeIgniter->handleRequest()
 6 FCPATH\index.php(67): CodeIgniter\CodeIgniter->run()
 7 SYSTEMPATH\Commands\Server\rewrite.php(47): require_once('FCPATH\\index.php')
CRITICAL - 2023-02-02 20:51:03 --> Call to undefined method App\Models\Indicadores::whereBetween
in SYSTEMPATH\Model.php on line 841.
 1 APPPATH\Models\Indicadores.php(42): CodeIgniter\Model->__call()
 2 APPPATH\Controllers\IndicadoresController.php(31): App\Models\Indicadores->getDataFilter()
 3 SYSTEMPATH\CodeIgniter.php(934): App\Controllers\IndicadoresController->getDataFilter()
 4 SYSTEMPATH\CodeIgniter.php(499): CodeIgniter\CodeIgniter->runController()
 5 SYSTEMPATH\CodeIgniter.php(368): CodeIgniter\CodeIgniter->handleRequest()
 6 FCPATH\index.php(67): CodeIgniter\CodeIgniter->run()
 7 SYSTEMPATH\Commands\Server\rewrite.php(47): require_once('FCPATH\\index.php')
CRITICAL - 2023-02-02 20:51:13 --> Call to undefined method App\Models\Indicadores::whereBetween
in SYSTEMPATH\Model.php on line 841.
 1 APPPATH\Models\Indicadores.php(42): CodeIgniter\Model->__call()
 2 APPPATH\Controllers\IndicadoresController.php(31): App\Models\Indicadores->getDataFilter()
 3 SYSTEMPATH\CodeIgniter.php(934): App\Controllers\IndicadoresController->getDataFilter()
 4 SYSTEMPATH\CodeIgniter.php(499): CodeIgniter\CodeIgniter->runController()
 5 SYSTEMPATH\CodeIgniter.php(368): CodeIgniter\CodeIgniter->handleRequest()
 6 FCPATH\index.php(67): CodeIgniter\CodeIgniter->run()
 7 SYSTEMPATH\Commands\Server\rewrite.php(47): require_once('FCPATH\\index.php')
CRITICAL - 2023-02-02 20:51:17 --> Call to undefined method App\Models\Indicadores::whereBetween
in SYSTEMPATH\Model.php on line 841.
 1 APPPATH\Models\Indicadores.php(42): CodeIgniter\Model->__call()
 2 APPPATH\Controllers\IndicadoresController.php(31): App\Models\Indicadores->getDataFilter()
 3 SYSTEMPATH\CodeIgniter.php(934): App\Controllers\IndicadoresController->getDataFilter()
 4 SYSTEMPATH\CodeIgniter.php(499): CodeIgniter\CodeIgniter->runController()
 5 SYSTEMPATH\CodeIgniter.php(368): CodeIgniter\CodeIgniter->handleRequest()
 6 FCPATH\index.php(67): CodeIgniter\CodeIgniter->run()
 7 SYSTEMPATH\Commands\Server\rewrite.php(47): require_once('FCPATH\\index.php')
CRITICAL - 2023-02-02 20:52:24 --> Call to undefined method App\Models\Indicadores::whereBetween
in SYSTEMPATH\Model.php on line 841.
 1 APPPATH\Models\Indicadores.php(42): CodeIgniter\Model->__call()
 2 APPPATH\Controllers\IndicadoresController.php(31): App\Models\Indicadores->getDataFilter()
 3 SYSTEMPATH\CodeIgniter.php(934): App\Controllers\IndicadoresController->getDataFilter()
 4 SYSTEMPATH\CodeIgniter.php(499): CodeIgniter\CodeIgniter->runController()
 5 SYSTEMPATH\CodeIgniter.php(368): CodeIgniter\CodeIgniter->handleRequest()
 6 FCPATH\index.php(67): CodeIgniter\CodeIgniter->run()
 7 SYSTEMPATH\Commands\Server\rewrite.php(47): require_once('FCPATH\\index.php')
CRITICAL - 2023-02-02 20:52:27 --> Call to undefined method App\Models\Indicadores::whereBetween
in SYSTEMPATH\Model.php on line 841.
 1 APPPATH\Models\Indicadores.php(42): CodeIgniter\Model->__call()
 2 APPPATH\Controllers\IndicadoresController.php(31): App\Models\Indicadores->getDataFilter()
 3 SYSTEMPATH\CodeIgniter.php(934): App\Controllers\IndicadoresController->getDataFilter()
 4 SYSTEMPATH\CodeIgniter.php(499): CodeIgniter\CodeIgniter->runController()
 5 SYSTEMPATH\CodeIgniter.php(368): CodeIgniter\CodeIgniter->handleRequest()
 6 FCPATH\index.php(67): CodeIgniter\CodeIgniter->run()
 7 SYSTEMPATH\Commands\Server\rewrite.php(47): require_once('FCPATH\\index.php')
CRITICAL - 2023-02-02 20:53:33 --> Call to undefined method App\Models\Indicadores::whereBetween
in SYSTEMPATH\Model.php on line 841.
 1 APPPATH\Models\Indicadores.php(42): CodeIgniter\Model->__call()
 2 APPPATH\Controllers\IndicadoresController.php(31): App\Models\Indicadores->getDataFilter()
 3 SYSTEMPATH\CodeIgniter.php(934): App\Controllers\IndicadoresController->getDataFilter()
 4 SYSTEMPATH\CodeIgniter.php(499): CodeIgniter\CodeIgniter->runController()
 5 SYSTEMPATH\CodeIgniter.php(368): CodeIgniter\CodeIgniter->handleRequest()
 6 FCPATH\index.php(67): CodeIgniter\CodeIgniter->run()
 7 SYSTEMPATH\Commands\Server\rewrite.php(47): require_once('FCPATH\\index.php')
CRITICAL - 2023-02-02 20:59:38 --> Call to undefined method App\Models\Indicadores::whereBetween
in SYSTEMPATH\Model.php on line 841.
 1 APPPATH\Models\Indicadores.php(45): CodeIgniter\Model->__call()
 2 APPPATH\Controllers\IndicadoresController.php(31): App\Models\Indicadores->getDataFilter()
 3 SYSTEMPATH\CodeIgniter.php(934): App\Controllers\IndicadoresController->getDataFilter()
 4 SYSTEMPATH\CodeIgniter.php(499): CodeIgniter\CodeIgniter->runController()
 5 SYSTEMPATH\CodeIgniter.php(368): CodeIgniter\CodeIgniter->handleRequest()
 6 FCPATH\index.php(67): CodeIgniter\CodeIgniter->run()
 7 SYSTEMPATH\Commands\Server\rewrite.php(47): require_once('FCPATH\\index.php')
CRITICAL - 2023-02-02 20:59:52 --> Call to undefined method App\Models\Indicadores::whereBetween
in SYSTEMPATH\Model.php on line 841.
 1 APPPATH\Models\Indicadores.php(45): CodeIgniter\Model->__call()
 2 APPPATH\Controllers\IndicadoresController.php(31): App\Models\Indicadores->getDataFilter()
 3 SYSTEMPATH\CodeIgniter.php(934): App\Controllers\IndicadoresController->getDataFilter()
 4 SYSTEMPATH\CodeIgniter.php(499): CodeIgniter\CodeIgniter->runController()
 5 SYSTEMPATH\CodeIgniter.php(368): CodeIgniter\CodeIgniter->handleRequest()
 6 FCPATH\index.php(67): CodeIgniter\CodeIgniter->run()
 7 SYSTEMPATH\Commands\Server\rewrite.php(47): require_once('FCPATH\\index.php')
CRITICAL - 2023-02-02 21:02:04 --> Call to undefined method App\Models\Indicadores::whereBetween
in SYSTEMPATH\Model.php on line 841.
 1 APPPATH\Models\Indicadores.php(45): CodeIgniter\Model->__call()
 2 APPPATH\Controllers\IndicadoresController.php(31): App\Models\Indicadores->getDataFilter()
 3 SYSTEMPATH\CodeIgniter.php(934): App\Controllers\IndicadoresController->getDataFilter()
 4 SYSTEMPATH\CodeIgniter.php(499): CodeIgniter\CodeIgniter->runController()
 5 SYSTEMPATH\CodeIgniter.php(368): CodeIgniter\CodeIgniter->handleRequest()
 6 FCPATH\index.php(67): CodeIgniter\CodeIgniter->run()
 7 SYSTEMPATH\Commands\Server\rewrite.php(47): require_once('FCPATH\\index.php')
CRITICAL - 2023-02-02 21:29:37 --> Call to undefined method App\Models\Indicadores::returnAs
in SYSTEMPATH\Model.php on line 841.
 1 APPPATH\Models\Indicadores.php(47): CodeIgniter\Model->__call()
 2 APPPATH\Controllers\IndicadoresController.php(31): App\Models\Indicadores->getDataFilter()
 3 SYSTEMPATH\CodeIgniter.php(934): App\Controllers\IndicadoresController->getDataFilter()
 4 SYSTEMPATH\CodeIgniter.php(499): CodeIgniter\CodeIgniter->runController()
 5 SYSTEMPATH\CodeIgniter.php(368): CodeIgniter\CodeIgniter->handleRequest()
 6 FCPATH\index.php(67): CodeIgniter\CodeIgniter->run()
 7 SYSTEMPATH\Commands\Server\rewrite.php(47): require_once('FCPATH\\index.php')
CRITICAL - 2023-02-02 22:31:41 --> Array to string conversion
in APPPATH\Controllers\IndicadoresController.php on line 37.
 1 APPPATH\Controllers\IndicadoresController.php(37): CodeIgniter\Debug\Exceptions->errorHandler()
 2 SYSTEMPATH\CodeIgniter.php(934): App\Controllers\IndicadoresController->getDataFilter()
 3 SYSTEMPATH\CodeIgniter.php(499): CodeIgniter\CodeIgniter->runController()
 4 SYSTEMPATH\CodeIgniter.php(368): CodeIgniter\CodeIgniter->handleRequest()
 5 FCPATH\index.php(67): CodeIgniter\CodeIgniter->run()
 6 SYSTEMPATH\Commands\Server\rewrite.php(47): require_once('FCPATH\\index.php')
CRITICAL - 2023-02-02 22:35:18 --> Object of class CodeIgniter\Database\Postgre\Result could not be converted to string
in APPPATH\Controllers\IndicadoresController.php on line 37.
 1 SYSTEMPATH\CodeIgniter.php(934): App\Controllers\IndicadoresController->getDataFilter()
 2 SYSTEMPATH\CodeIgniter.php(499): CodeIgniter\CodeIgniter->runController()
 3 SYSTEMPATH\CodeIgniter.php(368): CodeIgniter\CodeIgniter->handleRequest()
 4 FCPATH\index.php(67): CodeIgniter\CodeIgniter->run()
 5 SYSTEMPATH\Commands\Server\rewrite.php(47): require_once('FCPATH\\index.php')
CRITICAL - 2023-02-02 22:35:26 --> Object of class CodeIgniter\Database\Postgre\Result could not be converted to string
in APPPATH\Controllers\IndicadoresController.php on line 37.
 1 SYSTEMPATH\CodeIgniter.php(934): App\Controllers\IndicadoresController->getDataFilter()
 2 SYSTEMPATH\CodeIgniter.php(499): CodeIgniter\CodeIgniter->runController()
 3 SYSTEMPATH\CodeIgniter.php(368): CodeIgniter\CodeIgniter->handleRequest()
 4 FCPATH\index.php(67): CodeIgniter\CodeIgniter->run()
 5 SYSTEMPATH\Commands\Server\rewrite.php(47): require_once('FCPATH\\index.php')
CRITICAL - 2023-02-02 22:36:47 --> Object of class CodeIgniter\Database\Postgre\Result could not be converted to string
in APPPATH\Controllers\IndicadoresController.php on line 37.
 1 SYSTEMPATH\CodeIgniter.php(934): App\Controllers\IndicadoresController->getDataFilter()
 2 SYSTEMPATH\CodeIgniter.php(499): CodeIgniter\CodeIgniter->runController()
 3 SYSTEMPATH\CodeIgniter.php(368): CodeIgniter\CodeIgniter->handleRequest()
 4 FCPATH\index.php(67): CodeIgniter\CodeIgniter->run()
 5 SYSTEMPATH\Commands\Server\rewrite.php(47): require_once('FCPATH\\index.php')
CRITICAL - 2023-02-02 22:37:18 --> Object of class CodeIgniter\Database\Postgre\Result could not be converted to string
in APPPATH\Controllers\IndicadoresController.php on line 37.
 1 SYSTEMPATH\CodeIgniter.php(934): App\Controllers\IndicadoresController->getDataFilter()
 2 SYSTEMPATH\CodeIgniter.php(499): CodeIgniter\CodeIgniter->runController()
 3 SYSTEMPATH\CodeIgniter.php(368): CodeIgniter\CodeIgniter->handleRequest()
 4 FCPATH\index.php(67): CodeIgniter\CodeIgniter->run()
 5 SYSTEMPATH\Commands\Server\rewrite.php(47): require_once('FCPATH\\index.php')
CRITICAL - 2023-02-02 22:49:58 --> Undefined property: CodeIgniter\Database\Postgre\Result::$object
in APPPATH\Models\Indicadores.php on line 51.
 1 APPPATH\Models\Indicadores.php(51): CodeIgniter\Debug\Exceptions->errorHandler()
 2 APPPATH\Controllers\IndicadoresController.php(31): App\Models\Indicadores->getDataFilter()
 3 SYSTEMPATH\CodeIgniter.php(934): App\Controllers\IndicadoresController->getDataFilter()
 4 SYSTEMPATH\CodeIgniter.php(499): CodeIgniter\CodeIgniter->runController()
 5 SYSTEMPATH\CodeIgniter.php(368): CodeIgniter\CodeIgniter->handleRequest()
 6 FCPATH\index.php(67): CodeIgniter\CodeIgniter->run()
 7 SYSTEMPATH\Commands\Server\rewrite.php(47): require_once('FCPATH\\index.php')
ERROR - 2023-02-02 22:54:40 --> ErrorException: pg_query(): Query failed: ERROR:  error de sintaxis en o cerca de «:»
LINE 3: WHERE 0 = :0:
                  ^ in D:\Estudio\solutoriaTest\system\Database\Postgre\Connection.php:147
Stack trace:
#0 [internal function]: CodeIgniter\Debug\Exceptions->errorHandler()
#1 D:\Estudio\solutoriaTest\system\Database\Postgre\Connection.php(147): pg_query()
#2 D:\Estudio\solutoriaTest\system\Database\BaseConnection.php(691): CodeIgniter\Database\Postgre\Connection->execute()
#3 D:\Estudio\solutoriaTest\system\Database\BaseConnection.php(605): CodeIgniter\Database\BaseConnection->simpleQuery()
#4 D:\Estudio\solutoriaTest\system\Database\BaseBuilder.php(1602): CodeIgniter\Database\BaseConnection->query()
#5 D:\Estudio\solutoriaTest\system\Model.php(839): CodeIgniter\Database\BaseBuilder->get()
#6 D:\Estudio\solutoriaTest\app\Models\Indicadores.php(47): CodeIgniter\Model->__call()
#7 D:\Estudio\solutoriaTest\app\Controllers\IndicadoresController.php(31): App\Models\Indicadores->getDataFilter()
#8 D:\Estudio\solutoriaTest\system\CodeIgniter.php(934): App\Controllers\IndicadoresController->getDataFilter()
#9 D:\Estudio\solutoriaTest\system\CodeIgniter.php(499): CodeIgniter\CodeIgniter->runController()
#10 D:\Estudio\solutoriaTest\system\CodeIgniter.php(368): CodeIgniter\CodeIgniter->handleRequest()
#11 D:\Estudio\solutoriaTest\public\index.php(67): CodeIgniter\CodeIgniter->run()
#12 D:\Estudio\solutoriaTest\system\Commands\Server\rewrite.php(47): require_once('...')
#13 {main}
CRITICAL - 2023-02-02 22:54:40 --> pg_query(): Query failed: ERROR:  error de sintaxis en o cerca de «:»
LINE 3: WHERE 0 = :0:
                  ^
in SYSTEMPATH\Database\BaseConnection.php on line 645.
 1 SYSTEMPATH\Database\BaseBuilder.php(1602): CodeIgniter\Database\BaseConnection->query()
 2 SYSTEMPATH\Model.php(839): CodeIgniter\Database\BaseBuilder->get()
 3 APPPATH\Models\Indicadores.php(47): CodeIgniter\Model->__call()
 4 APPPATH\Controllers\IndicadoresController.php(31): App\Models\Indicadores->getDataFilter()
 5 SYSTEMPATH\CodeIgniter.php(934): App\Controllers\IndicadoresController->getDataFilter()
 6 SYSTEMPATH\CodeIgniter.php(499): CodeIgniter\CodeIgniter->runController()
 7 SYSTEMPATH\CodeIgniter.php(368): CodeIgniter\CodeIgniter->handleRequest()
 8 FCPATH\index.php(67): CodeIgniter\CodeIgniter->run()
 9 SYSTEMPATH\Commands\Server\rewrite.php(47): require_once('FCPATH\\index.php')
CRITICAL - 2023-02-02 22:55:06 --> Undefined property: CodeIgniter\Database\Postgre\Result::$object
in APPPATH\Models\Indicadores.php on line 51.
 1 APPPATH\Models\Indicadores.php(51): CodeIgniter\Debug\Exceptions->errorHandler()
 2 APPPATH\Controllers\IndicadoresController.php(31): App\Models\Indicadores->getDataFilter()
 3 SYSTEMPATH\CodeIgniter.php(934): App\Controllers\IndicadoresController->getDataFilter()
 4 SYSTEMPATH\CodeIgniter.php(499): CodeIgniter\CodeIgniter->runController()
 5 SYSTEMPATH\CodeIgniter.php(368): CodeIgniter\CodeIgniter->handleRequest()
 6 FCPATH\index.php(67): CodeIgniter\CodeIgniter->run()
 7 SYSTEMPATH\Commands\Server\rewrite.php(47): require_once('FCPATH\\index.php')
CRITICAL - 2023-02-02 22:56:01 --> Call to undefined method App\Models\Indicadores::result_array
in SYSTEMPATH\Model.php on line 841.
 1 APPPATH\Models\Indicadores.php(47): CodeIgniter\Model->__call()
 2 APPPATH\Controllers\IndicadoresController.php(31): App\Models\Indicadores->getDataFilter()
 3 SYSTEMPATH\CodeIgniter.php(934): App\Controllers\IndicadoresController->getDataFilter()
 4 SYSTEMPATH\CodeIgniter.php(499): CodeIgniter\CodeIgniter->runController()
 5 SYSTEMPATH\CodeIgniter.php(368): CodeIgniter\CodeIgniter->handleRequest()
 6 FCPATH\index.php(67): CodeIgniter\CodeIgniter->run()
 7 SYSTEMPATH\Commands\Server\rewrite.php(47): require_once('FCPATH\\index.php')
CRITICAL - 2023-02-02 22:56:52 --> Call to undefined method CodeIgniter\Database\Postgre\Result::result_array()
in APPPATH\Models\Indicadores.php on line 47.
 1 APPPATH\Controllers\IndicadoresController.php(31): App\Models\Indicadores->getDataFilter()
 2 SYSTEMPATH\CodeIgniter.php(934): App\Controllers\IndicadoresController->getDataFilter()
 3 SYSTEMPATH\CodeIgniter.php(499): CodeIgniter\CodeIgniter->runController()
 4 SYSTEMPATH\CodeIgniter.php(368): CodeIgniter\CodeIgniter->handleRequest()
 5 FCPATH\index.php(67): CodeIgniter\CodeIgniter->run()
 6 SYSTEMPATH\Commands\Server\rewrite.php(47): require_once('FCPATH\\index.php')
CRITICAL - 2023-02-02 22:57:46 --> Array to string conversion
in APPPATH\Controllers\IndicadoresController.php on line 35.
 1 APPPATH\Controllers\IndicadoresController.php(35): CodeIgniter\Debug\Exceptions->errorHandler()
 2 SYSTEMPATH\CodeIgniter.php(934): App\Controllers\IndicadoresController->getDataFilter()
 3 SYSTEMPATH\CodeIgniter.php(499): CodeIgniter\CodeIgniter->runController()
 4 SYSTEMPATH\CodeIgniter.php(368): CodeIgniter\CodeIgniter->handleRequest()
 5 FCPATH\index.php(67): CodeIgniter\CodeIgniter->run()
 6 SYSTEMPATH\Commands\Server\rewrite.php(47): require_once('FCPATH\\index.php')
ERROR - 2023-02-02 23:10:44 --> ErrorException: pg_query(): Query failed: ERROR:  error de sintaxis en o cerca de «BETWEEN2023»
LINE 3: WHERE fechaIndicador BETWEEN2023-02-02AND2023-02-04
                             ^ in D:\Estudio\solutoriaTest\system\Database\Postgre\Connection.php:147
Stack trace:
#0 [internal function]: CodeIgniter\Debug\Exceptions->errorHandler()
#1 D:\Estudio\solutoriaTest\system\Database\Postgre\Connection.php(147): pg_query()
#2 D:\Estudio\solutoriaTest\system\Database\BaseConnection.php(691): CodeIgniter\Database\Postgre\Connection->execute()
#3 D:\Estudio\solutoriaTest\system\Database\BaseConnection.php(605): CodeIgniter\Database\BaseConnection->simpleQuery()
#4 D:\Estudio\solutoriaTest\system\Database\BaseBuilder.php(1602): CodeIgniter\Database\BaseConnection->query()
#5 D:\Estudio\solutoriaTest\system\Model.php(240): CodeIgniter\Database\BaseBuilder->get()
#6 D:\Estudio\solutoriaTest\system\BaseModel.php(618): CodeIgniter\Model->doFindAll()
#7 D:\Estudio\solutoriaTest\app\Models\Indicadores.php(47): CodeIgniter\BaseModel->findAll()
#8 D:\Estudio\solutoriaTest\app\Controllers\IndicadoresController.php(31): App\Models\Indicadores->getDataFilter()
#9 D:\Estudio\solutoriaTest\system\CodeIgniter.php(934): App\Controllers\IndicadoresController->getDataFilter()
#10 D:\Estudio\solutoriaTest\system\CodeIgniter.php(499): CodeIgniter\CodeIgniter->runController()
#11 D:\Estudio\solutoriaTest\system\CodeIgniter.php(368): CodeIgniter\CodeIgniter->handleRequest()
#12 D:\Estudio\solutoriaTest\public\index.php(67): CodeIgniter\CodeIgniter->run()
#13 D:\Estudio\solutoriaTest\system\Commands\Server\rewrite.php(47): require_once('...')
#14 {main}
CRITICAL - 2023-02-02 23:10:44 --> pg_query(): Query failed: ERROR:  error de sintaxis en o cerca de «BETWEEN2023»
LINE 3: WHERE fechaIndicador BETWEEN2023-02-02AND2023-02-04
                             ^
in SYSTEMPATH\Database\BaseConnection.php on line 645.
 1 SYSTEMPATH\Database\BaseBuilder.php(1602): CodeIgniter\Database\BaseConnection->query()
 2 SYSTEMPATH\Model.php(240): CodeIgniter\Database\BaseBuilder->get()
 3 SYSTEMPATH\BaseModel.php(618): CodeIgniter\Model->doFindAll()
 4 APPPATH\Models\Indicadores.php(47): CodeIgniter\BaseModel->findAll()
 5 APPPATH\Controllers\IndicadoresController.php(31): App\Models\Indicadores->getDataFilter()
 6 SYSTEMPATH\CodeIgniter.php(934): App\Controllers\IndicadoresController->getDataFilter()
 7 SYSTEMPATH\CodeIgniter.php(499): CodeIgniter\CodeIgniter->runController()
 8 SYSTEMPATH\CodeIgniter.php(368): CodeIgniter\CodeIgniter->handleRequest()
 9 FCPATH\index.php(67): CodeIgniter\CodeIgniter->run()
10 SYSTEMPATH\Commands\Server\rewrite.php(47): require_once('FCPATH\\index.php')
ERROR - 2023-02-02 23:11:07 --> ErrorException: pg_query(): Query failed: ERROR:  el operador no existe: date &gt;= integer
LINE 3: WHERE &quot;fechaIndicador&quot; BETWEEN 2023-02-02 AND 2023-02-04
                               ^
HINT:  Ningún operador coincide en el nombre y tipos de argumentos. Puede ser necesario agregar conversión explícita de tipos. in D:\Estudio\solutoriaTest\system\Database\Postgre\Connection.php:147
Stack trace:
#0 [internal function]: CodeIgniter\Debug\Exceptions->errorHandler()
#1 D:\Estudio\solutoriaTest\system\Database\Postgre\Connection.php(147): pg_query()
#2 D:\Estudio\solutoriaTest\system\Database\BaseConnection.php(691): CodeIgniter\Database\Postgre\Connection->execute()
#3 D:\Estudio\solutoriaTest\system\Database\BaseConnection.php(605): CodeIgniter\Database\BaseConnection->simpleQuery()
#4 D:\Estudio\solutoriaTest\system\Database\BaseBuilder.php(1602): CodeIgniter\Database\BaseConnection->query()
#5 D:\Estudio\solutoriaTest\system\Model.php(240): CodeIgniter\Database\BaseBuilder->get()
#6 D:\Estudio\solutoriaTest\system\BaseModel.php(618): CodeIgniter\Model->doFindAll()
#7 D:\Estudio\solutoriaTest\app\Models\Indicadores.php(47): CodeIgniter\BaseModel->findAll()
#8 D:\Estudio\solutoriaTest\app\Controllers\IndicadoresController.php(31): App\Models\Indicadores->getDataFilter()
#9 D:\Estudio\solutoriaTest\system\CodeIgniter.php(934): App\Controllers\IndicadoresController->getDataFilter()
#10 D:\Estudio\solutoriaTest\system\CodeIgniter.php(499): CodeIgniter\CodeIgniter->runController()
#11 D:\Estudio\solutoriaTest\system\CodeIgniter.php(368): CodeIgniter\CodeIgniter->handleRequest()
#12 D:\Estudio\solutoriaTest\public\index.php(67): CodeIgniter\CodeIgniter->run()
#13 D:\Estudio\solutoriaTest\system\Commands\Server\rewrite.php(47): require_once('...')
#14 {main}
CRITICAL - 2023-02-02 23:11:07 --> pg_query(): Query failed: ERROR:  el operador no existe: date &gt;= integer
LINE 3: WHERE &quot;fechaIndicador&quot; BETWEEN 2023-02-02 AND 2023-02-04
                               ^
HINT:  Ningún operador coincide en el nombre y tipos de argumentos. Puede ser necesario agregar conversión explícita de tipos.
in SYSTEMPATH\Database\BaseConnection.php on line 645.
 1 SYSTEMPATH\Database\BaseBuilder.php(1602): CodeIgniter\Database\BaseConnection->query()
 2 SYSTEMPATH\Model.php(240): CodeIgniter\Database\BaseBuilder->get()
 3 SYSTEMPATH\BaseModel.php(618): CodeIgniter\Model->doFindAll()
 4 APPPATH\Models\Indicadores.php(47): CodeIgniter\BaseModel->findAll()
 5 APPPATH\Controllers\IndicadoresController.php(31): App\Models\Indicadores->getDataFilter()
 6 SYSTEMPATH\CodeIgniter.php(934): App\Controllers\IndicadoresController->getDataFilter()
 7 SYSTEMPATH\CodeIgniter.php(499): CodeIgniter\CodeIgniter->runController()
 8 SYSTEMPATH\CodeIgniter.php(368): CodeIgniter\CodeIgniter->handleRequest()
 9 FCPATH\index.php(67): CodeIgniter\CodeIgniter->run()
10 SYSTEMPATH\Commands\Server\rewrite.php(47): require_once('FCPATH\\index.php')
ERROR - 2023-02-02 23:12:43 --> ErrorException: pg_query(): Query failed: ERROR:  no existe la columna «sell_date»
LINE 3: WHERE &quot;sell_date&quot; BETWEEN &quot;2023-02-02&quot; and &quot;2023-02-04&quot;
              ^ in D:\Estudio\solutoriaTest\system\Database\Postgre\Connection.php:147
Stack trace:
#0 [internal function]: CodeIgniter\Debug\Exceptions->errorHandler()
#1 D:\Estudio\solutoriaTest\system\Database\Postgre\Connection.php(147): pg_query()
#2 D:\Estudio\solutoriaTest\system\Database\BaseConnection.php(691): CodeIgniter\Database\Postgre\Connection->execute()
#3 D:\Estudio\solutoriaTest\system\Database\BaseConnection.php(605): CodeIgniter\Database\BaseConnection->simpleQuery()
#4 D:\Estudio\solutoriaTest\system\Database\BaseBuilder.php(1602): CodeIgniter\Database\BaseConnection->query()
#5 D:\Estudio\solutoriaTest\system\Model.php(240): CodeIgniter\Database\BaseBuilder->get()
#6 D:\Estudio\solutoriaTest\system\BaseModel.php(618): CodeIgniter\Model->doFindAll()
#7 D:\Estudio\solutoriaTest\app\Models\Indicadores.php(47): CodeIgniter\BaseModel->findAll()
#8 D:\Estudio\solutoriaTest\app\Controllers\IndicadoresController.php(31): App\Models\Indicadores->getDataFilter()
#9 D:\Estudio\solutoriaTest\system\CodeIgniter.php(934): App\Controllers\IndicadoresController->getDataFilter()
#10 D:\Estudio\solutoriaTest\system\CodeIgniter.php(499): CodeIgniter\CodeIgniter->runController()
#11 D:\Estudio\solutoriaTest\system\CodeIgniter.php(368): CodeIgniter\CodeIgniter->handleRequest()
#12 D:\Estudio\solutoriaTest\public\index.php(67): CodeIgniter\CodeIgniter->run()
#13 D:\Estudio\solutoriaTest\system\Commands\Server\rewrite.php(47): require_once('...')
#14 {main}
CRITICAL - 2023-02-02 23:12:43 --> pg_query(): Query failed: ERROR:  no existe la columna «sell_date»
LINE 3: WHERE &quot;sell_date&quot; BETWEEN &quot;2023-02-02&quot; and &quot;2023-02-04&quot;
              ^
in SYSTEMPATH\Database\BaseConnection.php on line 645.
 1 SYSTEMPATH\Database\BaseBuilder.php(1602): CodeIgniter\Database\BaseConnection->query()
 2 SYSTEMPATH\Model.php(240): CodeIgniter\Database\BaseBuilder->get()
 3 SYSTEMPATH\BaseModel.php(618): CodeIgniter\Model->doFindAll()
 4 APPPATH\Models\Indicadores.php(47): CodeIgniter\BaseModel->findAll()
 5 APPPATH\Controllers\IndicadoresController.php(31): App\Models\Indicadores->getDataFilter()
 6 SYSTEMPATH\CodeIgniter.php(934): App\Controllers\IndicadoresController->getDataFilter()
 7 SYSTEMPATH\CodeIgniter.php(499): CodeIgniter\CodeIgniter->runController()
 8 SYSTEMPATH\CodeIgniter.php(368): CodeIgniter\CodeIgniter->handleRequest()
 9 FCPATH\index.php(67): CodeIgniter\CodeIgniter->run()
10 SYSTEMPATH\Commands\Server\rewrite.php(47): require_once('FCPATH\\index.php')
ERROR - 2023-02-02 23:13:06 --> ErrorException: pg_query(): Query failed: ERROR:  no existe la columna «2023-02-02»
LINE 3: WHERE &quot;fechaIndicador&quot; BETWEEN &quot;2023-02-02&quot; and &quot;2023-02-04&quot;
                                       ^ in D:\Estudio\solutoriaTest\system\Database\Postgre\Connection.php:147
Stack trace:
#0 [internal function]: CodeIgniter\Debug\Exceptions->errorHandler()
#1 D:\Estudio\solutoriaTest\system\Database\Postgre\Connection.php(147): pg_query()
#2 D:\Estudio\solutoriaTest\system\Database\BaseConnection.php(691): CodeIgniter\Database\Postgre\Connection->execute()
#3 D:\Estudio\solutoriaTest\system\Database\BaseConnection.php(605): CodeIgniter\Database\BaseConnection->simpleQuery()
#4 D:\Estudio\solutoriaTest\system\Database\BaseBuilder.php(1602): CodeIgniter\Database\BaseConnection->query()
#5 D:\Estudio\solutoriaTest\system\Model.php(240): CodeIgniter\Database\BaseBuilder->get()
#6 D:\Estudio\solutoriaTest\system\BaseModel.php(618): CodeIgniter\Model->doFindAll()
#7 D:\Estudio\solutoriaTest\app\Models\Indicadores.php(47): CodeIgniter\BaseModel->findAll()
#8 D:\Estudio\solutoriaTest\app\Controllers\IndicadoresController.php(31): App\Models\Indicadores->getDataFilter()
#9 D:\Estudio\solutoriaTest\system\CodeIgniter.php(934): App\Controllers\IndicadoresController->getDataFilter()
#10 D:\Estudio\solutoriaTest\system\CodeIgniter.php(499): CodeIgniter\CodeIgniter->runController()
#11 D:\Estudio\solutoriaTest\system\CodeIgniter.php(368): CodeIgniter\CodeIgniter->handleRequest()
#12 D:\Estudio\solutoriaTest\public\index.php(67): CodeIgniter\CodeIgniter->run()
#13 D:\Estudio\solutoriaTest\system\Commands\Server\rewrite.php(47): require_once('...')
#14 {main}
CRITICAL - 2023-02-02 23:13:06 --> pg_query(): Query failed: ERROR:  no existe la columna «2023-02-02»
LINE 3: WHERE &quot;fechaIndicador&quot; BETWEEN &quot;2023-02-02&quot; and &quot;2023-02-04&quot;
                                       ^
in SYSTEMPATH\Database\BaseConnection.php on line 645.
 1 SYSTEMPATH\Database\BaseBuilder.php(1602): CodeIgniter\Database\BaseConnection->query()
 2 SYSTEMPATH\Model.php(240): CodeIgniter\Database\BaseBuilder->get()
 3 SYSTEMPATH\BaseModel.php(618): CodeIgniter\Model->doFindAll()
 4 APPPATH\Models\Indicadores.php(47): CodeIgniter\BaseModel->findAll()
 5 APPPATH\Controllers\IndicadoresController.php(31): App\Models\Indicadores->getDataFilter()
 6 SYSTEMPATH\CodeIgniter.php(934): App\Controllers\IndicadoresController->getDataFilter()
 7 SYSTEMPATH\CodeIgniter.php(499): CodeIgniter\CodeIgniter->runController()
 8 SYSTEMPATH\CodeIgniter.php(368): CodeIgniter\CodeIgniter->handleRequest()
 9 FCPATH\index.php(67): CodeIgniter\CodeIgniter->run()
10 SYSTEMPATH\Commands\Server\rewrite.php(47): require_once('FCPATH\\index.php')
ERROR - 2023-02-02 23:14:00 --> ErrorException: pg_query(): Query failed: ERROR:  no existe la columna «2023-02-02»
LINE 3: WHERE &quot;fechaIndicador&quot; BETWEEN &quot;2023-02-02&quot; and &quot;2023-02-04&quot;
                                       ^ in D:\Estudio\solutoriaTest\system\Database\Postgre\Connection.php:147
Stack trace:
#0 [internal function]: CodeIgniter\Debug\Exceptions->errorHandler()
#1 D:\Estudio\solutoriaTest\system\Database\Postgre\Connection.php(147): pg_query()
#2 D:\Estudio\solutoriaTest\system\Database\BaseConnection.php(691): CodeIgniter\Database\Postgre\Connection->execute()
#3 D:\Estudio\solutoriaTest\system\Database\BaseConnection.php(605): CodeIgniter\Database\BaseConnection->simpleQuery()
#4 D:\Estudio\solutoriaTest\system\Database\BaseBuilder.php(1602): CodeIgniter\Database\BaseConnection->query()
#5 D:\Estudio\solutoriaTest\system\Model.php(240): CodeIgniter\Database\BaseBuilder->get()
#6 D:\Estudio\solutoriaTest\system\BaseModel.php(618): CodeIgniter\Model->doFindAll()
#7 D:\Estudio\solutoriaTest\app\Models\Indicadores.php(47): CodeIgniter\BaseModel->findAll()
#8 D:\Estudio\solutoriaTest\app\Controllers\IndicadoresController.php(31): App\Models\Indicadores->getDataFilter()
#9 D:\Estudio\solutoriaTest\system\CodeIgniter.php(934): App\Controllers\IndicadoresController->getDataFilter()
#10 D:\Estudio\solutoriaTest\system\CodeIgniter.php(499): CodeIgniter\CodeIgniter->runController()
#11 D:\Estudio\solutoriaTest\system\CodeIgniter.php(368): CodeIgniter\CodeIgniter->handleRequest()
#12 D:\Estudio\solutoriaTest\public\index.php(67): CodeIgniter\CodeIgniter->run()
#13 D:\Estudio\solutoriaTest\system\Commands\Server\rewrite.php(47): require_once('...')
#14 {main}
CRITICAL - 2023-02-02 23:14:00 --> pg_query(): Query failed: ERROR:  no existe la columna «2023-02-02»
LINE 3: WHERE &quot;fechaIndicador&quot; BETWEEN &quot;2023-02-02&quot; and &quot;2023-02-04&quot;
                                       ^
in SYSTEMPATH\Database\BaseConnection.php on line 645.
 1 SYSTEMPATH\Database\BaseBuilder.php(1602): CodeIgniter\Database\BaseConnection->query()
 2 SYSTEMPATH\Model.php(240): CodeIgniter\Database\BaseBuilder->get()
 3 SYSTEMPATH\BaseModel.php(618): CodeIgniter\Model->doFindAll()
 4 APPPATH\Models\Indicadores.php(47): CodeIgniter\BaseModel->findAll()
 5 APPPATH\Controllers\IndicadoresController.php(31): App\Models\Indicadores->getDataFilter()
 6 SYSTEMPATH\CodeIgniter.php(934): App\Controllers\IndicadoresController->getDataFilter()
 7 SYSTEMPATH\CodeIgniter.php(499): CodeIgniter\CodeIgniter->runController()
 8 SYSTEMPATH\CodeIgniter.php(368): CodeIgniter\CodeIgniter->handleRequest()
 9 FCPATH\index.php(67): CodeIgniter\CodeIgniter->run()
10 SYSTEMPATH\Commands\Server\rewrite.php(47): require_once('FCPATH\\index.php')
ERROR - 2023-02-02 23:14:48 --> ErrorException: pg_query(): Query failed: ERROR:  el operador no existe: date &gt;= integer
LINE 3: WHERE &quot;fechaIndicador&quot; BETWEEN 2023-02-02 and 2023-02-04
                               ^
HINT:  Ningún operador coincide en el nombre y tipos de argumentos. Puede ser necesario agregar conversión explícita de tipos. in D:\Estudio\solutoriaTest\system\Database\Postgre\Connection.php:147
Stack trace:
#0 [internal function]: CodeIgniter\Debug\Exceptions->errorHandler()
#1 D:\Estudio\solutoriaTest\system\Database\Postgre\Connection.php(147): pg_query()
#2 D:\Estudio\solutoriaTest\system\Database\BaseConnection.php(691): CodeIgniter\Database\Postgre\Connection->execute()
#3 D:\Estudio\solutoriaTest\system\Database\BaseConnection.php(605): CodeIgniter\Database\BaseConnection->simpleQuery()
#4 D:\Estudio\solutoriaTest\system\Database\BaseBuilder.php(1602): CodeIgniter\Database\BaseConnection->query()
#5 D:\Estudio\solutoriaTest\system\Model.php(240): CodeIgniter\Database\BaseBuilder->get()
#6 D:\Estudio\solutoriaTest\system\BaseModel.php(618): CodeIgniter\Model->doFindAll()
#7 D:\Estudio\solutoriaTest\app\Models\Indicadores.php(47): CodeIgniter\BaseModel->findAll()
#8 D:\Estudio\solutoriaTest\app\Controllers\IndicadoresController.php(31): App\Models\Indicadores->getDataFilter()
#9 D:\Estudio\solutoriaTest\system\CodeIgniter.php(934): App\Controllers\IndicadoresController->getDataFilter()
#10 D:\Estudio\solutoriaTest\system\CodeIgniter.php(499): CodeIgniter\CodeIgniter->runController()
#11 D:\Estudio\solutoriaTest\system\CodeIgniter.php(368): CodeIgniter\CodeIgniter->handleRequest()
#12 D:\Estudio\solutoriaTest\public\index.php(67): CodeIgniter\CodeIgniter->run()
#13 D:\Estudio\solutoriaTest\system\Commands\Server\rewrite.php(47): require_once('...')
#14 {main}
CRITICAL - 2023-02-02 23:14:48 --> pg_query(): Query failed: ERROR:  el operador no existe: date &gt;= integer
LINE 3: WHERE &quot;fechaIndicador&quot; BETWEEN 2023-02-02 and 2023-02-04
                               ^
HINT:  Ningún operador coincide en el nombre y tipos de argumentos. Puede ser necesario agregar conversión explícita de tipos.
in SYSTEMPATH\Database\BaseConnection.php on line 645.
 1 SYSTEMPATH\Database\BaseBuilder.php(1602): CodeIgniter\Database\BaseConnection->query()
 2 SYSTEMPATH\Model.php(240): CodeIgniter\Database\BaseBuilder->get()
 3 SYSTEMPATH\BaseModel.php(618): CodeIgniter\Model->doFindAll()
 4 APPPATH\Models\Indicadores.php(47): CodeIgniter\BaseModel->findAll()
 5 APPPATH\Controllers\IndicadoresController.php(31): App\Models\Indicadores->getDataFilter()
 6 SYSTEMPATH\CodeIgniter.php(934): App\Controllers\IndicadoresController->getDataFilter()
 7 SYSTEMPATH\CodeIgniter.php(499): CodeIgniter\CodeIgniter->runController()
 8 SYSTEMPATH\CodeIgniter.php(368): CodeIgniter\CodeIgniter->handleRequest()
 9 FCPATH\index.php(67): CodeIgniter\CodeIgniter->run()
10 SYSTEMPATH\Commands\Server\rewrite.php(47): require_once('FCPATH\\index.php')
ERROR - 2023-02-02 23:16:51 --> ErrorException: pg_query(): Query failed: ERROR:  no existe la columna «2023-02-02»
LINE 3: WHERE &quot;fechaIndicador&quot; BETWEEN &quot;2023-02-02&quot; and &quot;2023-02-04&quot;
                                       ^ in D:\Estudio\solutoriaTest\system\Database\Postgre\Connection.php:147
Stack trace:
#0 [internal function]: CodeIgniter\Debug\Exceptions->errorHandler()
#1 D:\Estudio\solutoriaTest\system\Database\Postgre\Connection.php(147): pg_query()
#2 D:\Estudio\solutoriaTest\system\Database\BaseConnection.php(691): CodeIgniter\Database\Postgre\Connection->execute()
#3 D:\Estudio\solutoriaTest\system\Database\BaseConnection.php(605): CodeIgniter\Database\BaseConnection->simpleQuery()
#4 D:\Estudio\solutoriaTest\system\Database\BaseBuilder.php(1602): CodeIgniter\Database\BaseConnection->query()
#5 D:\Estudio\solutoriaTest\system\Model.php(240): CodeIgniter\Database\BaseBuilder->get()
#6 D:\Estudio\solutoriaTest\system\BaseModel.php(618): CodeIgniter\Model->doFindAll()
#7 D:\Estudio\solutoriaTest\app\Models\Indicadores.php(47): CodeIgniter\BaseModel->findAll()
#8 D:\Estudio\solutoriaTest\app\Controllers\IndicadoresController.php(31): App\Models\Indicadores->getDataFilter()
#9 D:\Estudio\solutoriaTest\system\CodeIgniter.php(934): App\Controllers\IndicadoresController->getDataFilter()
#10 D:\Estudio\solutoriaTest\system\CodeIgniter.php(499): CodeIgniter\CodeIgniter->runController()
#11 D:\Estudio\solutoriaTest\system\CodeIgniter.php(368): CodeIgniter\CodeIgniter->handleRequest()
#12 D:\Estudio\solutoriaTest\public\index.php(67): CodeIgniter\CodeIgniter->run()
#13 D:\Estudio\solutoriaTest\system\Commands\Server\rewrite.php(47): require_once('...')
#14 {main}
CRITICAL - 2023-02-02 23:16:51 --> pg_query(): Query failed: ERROR:  no existe la columna «2023-02-02»
LINE 3: WHERE &quot;fechaIndicador&quot; BETWEEN &quot;2023-02-02&quot; and &quot;2023-02-04&quot;
                                       ^
in SYSTEMPATH\Database\BaseConnection.php on line 645.
 1 SYSTEMPATH\Database\BaseBuilder.php(1602): CodeIgniter\Database\BaseConnection->query()
 2 SYSTEMPATH\Model.php(240): CodeIgniter\Database\BaseBuilder->get()
 3 SYSTEMPATH\BaseModel.php(618): CodeIgniter\Model->doFindAll()
 4 APPPATH\Models\Indicadores.php(47): CodeIgniter\BaseModel->findAll()
 5 APPPATH\Controllers\IndicadoresController.php(31): App\Models\Indicadores->getDataFilter()
 6 SYSTEMPATH\CodeIgniter.php(934): App\Controllers\IndicadoresController->getDataFilter()
 7 SYSTEMPATH\CodeIgniter.php(499): CodeIgniter\CodeIgniter->runController()
 8 SYSTEMPATH\CodeIgniter.php(368): CodeIgniter\CodeIgniter->handleRequest()
 9 FCPATH\index.php(67): CodeIgniter\CodeIgniter->run()
10 SYSTEMPATH\Commands\Server\rewrite.php(47): require_once('FCPATH\\index.php')
ERROR - 2023-02-02 23:17:25 --> ErrorException: pg_query(): Query failed: ERROR:  el operador no existe: date &gt;= integer
LINE 3: WHERE &quot;fechaIndicador&quot; BETWEEN 2023-02-02 and 2023-02-04
                               ^
HINT:  Ningún operador coincide en el nombre y tipos de argumentos. Puede ser necesario agregar conversión explícita de tipos. in D:\Estudio\solutoriaTest\system\Database\Postgre\Connection.php:147
Stack trace:
#0 [internal function]: CodeIgniter\Debug\Exceptions->errorHandler()
#1 D:\Estudio\solutoriaTest\system\Database\Postgre\Connection.php(147): pg_query()
#2 D:\Estudio\solutoriaTest\system\Database\BaseConnection.php(691): CodeIgniter\Database\Postgre\Connection->execute()
#3 D:\Estudio\solutoriaTest\system\Database\BaseConnection.php(605): CodeIgniter\Database\BaseConnection->simpleQuery()
#4 D:\Estudio\solutoriaTest\system\Database\BaseBuilder.php(1602): CodeIgniter\Database\BaseConnection->query()
#5 D:\Estudio\solutoriaTest\system\Model.php(240): CodeIgniter\Database\BaseBuilder->get()
#6 D:\Estudio\solutoriaTest\system\BaseModel.php(618): CodeIgniter\Model->doFindAll()
#7 D:\Estudio\solutoriaTest\app\Models\Indicadores.php(47): CodeIgniter\BaseModel->findAll()
#8 D:\Estudio\solutoriaTest\app\Controllers\IndicadoresController.php(31): App\Models\Indicadores->getDataFilter()
#9 D:\Estudio\solutoriaTest\system\CodeIgniter.php(934): App\Controllers\IndicadoresController->getDataFilter()
#10 D:\Estudio\solutoriaTest\system\CodeIgniter.php(499): CodeIgniter\CodeIgniter->runController()
#11 D:\Estudio\solutoriaTest\system\CodeIgniter.php(368): CodeIgniter\CodeIgniter->handleRequest()
#12 D:\Estudio\solutoriaTest\public\index.php(67): CodeIgniter\CodeIgniter->run()
#13 D:\Estudio\solutoriaTest\system\Commands\Server\rewrite.php(47): require_once('...')
#14 {main}
CRITICAL - 2023-02-02 23:17:25 --> pg_query(): Query failed: ERROR:  el operador no existe: date &gt;= integer
LINE 3: WHERE &quot;fechaIndicador&quot; BETWEEN 2023-02-02 and 2023-02-04
                               ^
HINT:  Ningún operador coincide en el nombre y tipos de argumentos. Puede ser necesario agregar conversión explícita de tipos.
in SYSTEMPATH\Database\BaseConnection.php on line 645.
 1 SYSTEMPATH\Database\BaseBuilder.php(1602): CodeIgniter\Database\BaseConnection->query()
 2 SYSTEMPATH\Model.php(240): CodeIgniter\Database\BaseBuilder->get()
 3 SYSTEMPATH\BaseModel.php(618): CodeIgniter\Model->doFindAll()
 4 APPPATH\Models\Indicadores.php(47): CodeIgniter\BaseModel->findAll()
 5 APPPATH\Controllers\IndicadoresController.php(31): App\Models\Indicadores->getDataFilter()
 6 SYSTEMPATH\CodeIgniter.php(934): App\Controllers\IndicadoresController->getDataFilter()
 7 SYSTEMPATH\CodeIgniter.php(499): CodeIgniter\CodeIgniter->runController()
 8 SYSTEMPATH\CodeIgniter.php(368): CodeIgniter\CodeIgniter->handleRequest()
 9 FCPATH\index.php(67): CodeIgniter\CodeIgniter->run()
10 SYSTEMPATH\Commands\Server\rewrite.php(47): require_once('FCPATH\\index.php')
ERROR - 2023-02-02 23:18:49 --> ErrorException: pg_query(): Query failed: ERROR:  el operador no existe: date &gt;= integer
LINE 3: WHERE &quot;fechaIndicador&quot; BETWEEN 2023-02-02 and 2023-02-04
                               ^
HINT:  Ningún operador coincide en el nombre y tipos de argumentos. Puede ser necesario agregar conversión explícita de tipos. in D:\Estudio\solutoriaTest\system\Database\Postgre\Connection.php:147
Stack trace:
#0 [internal function]: CodeIgniter\Debug\Exceptions->errorHandler()
#1 D:\Estudio\solutoriaTest\system\Database\Postgre\Connection.php(147): pg_query()
#2 D:\Estudio\solutoriaTest\system\Database\BaseConnection.php(691): CodeIgniter\Database\Postgre\Connection->execute()
#3 D:\Estudio\solutoriaTest\system\Database\BaseConnection.php(605): CodeIgniter\Database\BaseConnection->simpleQuery()
#4 D:\Estudio\solutoriaTest\system\Database\BaseBuilder.php(1602): CodeIgniter\Database\BaseConnection->query()
#5 D:\Estudio\solutoriaTest\system\Model.php(240): CodeIgniter\Database\BaseBuilder->get()
#6 D:\Estudio\solutoriaTest\system\BaseModel.php(618): CodeIgniter\Model->doFindAll()
#7 D:\Estudio\solutoriaTest\app\Models\Indicadores.php(48): CodeIgniter\BaseModel->findAll()
#8 D:\Estudio\solutoriaTest\app\Controllers\IndicadoresController.php(31): App\Models\Indicadores->getDataFilter()
#9 D:\Estudio\solutoriaTest\system\CodeIgniter.php(934): App\Controllers\IndicadoresController->getDataFilter()
#10 D:\Estudio\solutoriaTest\system\CodeIgniter.php(499): CodeIgniter\CodeIgniter->runController()
#11 D:\Estudio\solutoriaTest\system\CodeIgniter.php(368): CodeIgniter\CodeIgniter->handleRequest()
#12 D:\Estudio\solutoriaTest\public\index.php(67): CodeIgniter\CodeIgniter->run()
#13 D:\Estudio\solutoriaTest\system\Commands\Server\rewrite.php(47): require_once('...')
#14 {main}
CRITICAL - 2023-02-02 23:18:49 --> pg_query(): Query failed: ERROR:  el operador no existe: date &gt;= integer
LINE 3: WHERE &quot;fechaIndicador&quot; BETWEEN 2023-02-02 and 2023-02-04
                               ^
HINT:  Ningún operador coincide en el nombre y tipos de argumentos. Puede ser necesario agregar conversión explícita de tipos.
in SYSTEMPATH\Database\BaseConnection.php on line 645.
 1 SYSTEMPATH\Database\BaseBuilder.php(1602): CodeIgniter\Database\BaseConnection->query()
 2 SYSTEMPATH\Model.php(240): CodeIgniter\Database\BaseBuilder->get()
 3 SYSTEMPATH\BaseModel.php(618): CodeIgniter\Model->doFindAll()
 4 APPPATH\Models\Indicadores.php(48): CodeIgniter\BaseModel->findAll()
 5 APPPATH\Controllers\IndicadoresController.php(31): App\Models\Indicadores->getDataFilter()
 6 SYSTEMPATH\CodeIgniter.php(934): App\Controllers\IndicadoresController->getDataFilter()
 7 SYSTEMPATH\CodeIgniter.php(499): CodeIgniter\CodeIgniter->runController()
 8 SYSTEMPATH\CodeIgniter.php(368): CodeIgniter\CodeIgniter->handleRequest()
 9 FCPATH\index.php(67): CodeIgniter\CodeIgniter->run()
10 SYSTEMPATH\Commands\Server\rewrite.php(47): require_once('FCPATH\\index.php')
ERROR - 2023-02-02 23:20:59 --> ErrorException: pg_query(): Query failed: ERROR:  no existe la columna «fechaindicador»
LINE 3: WHERE fechaIndicador BETWEEN 2023-02-02 AND 2023-02-04
              ^
HINT:  Probablemente quiera hacer referencia a la columna «indicadores.fechaIndicador». in D:\Estudio\solutoriaTest\system\Database\Postgre\Connection.php:147
Stack trace:
#0 [internal function]: CodeIgniter\Debug\Exceptions->errorHandler()
#1 D:\Estudio\solutoriaTest\system\Database\Postgre\Connection.php(147): pg_query()
#2 D:\Estudio\solutoriaTest\system\Database\BaseConnection.php(691): CodeIgniter\Database\Postgre\Connection->execute()
#3 D:\Estudio\solutoriaTest\system\Database\BaseConnection.php(605): CodeIgniter\Database\BaseConnection->simpleQuery()
#4 D:\Estudio\solutoriaTest\system\Database\BaseBuilder.php(1602): CodeIgniter\Database\BaseConnection->query()
#5 D:\Estudio\solutoriaTest\system\Model.php(240): CodeIgniter\Database\BaseBuilder->get()
#6 D:\Estudio\solutoriaTest\system\BaseModel.php(618): CodeIgniter\Model->doFindAll()
#7 D:\Estudio\solutoriaTest\app\Models\Indicadores.php(48): CodeIgniter\BaseModel->findAll()
#8 D:\Estudio\solutoriaTest\app\Controllers\IndicadoresController.php(31): App\Models\Indicadores->getDataFilter()
#9 D:\Estudio\solutoriaTest\system\CodeIgniter.php(934): App\Controllers\IndicadoresController->getDataFilter()
#10 D:\Estudio\solutoriaTest\system\CodeIgniter.php(499): CodeIgniter\CodeIgniter->runController()
#11 D:\Estudio\solutoriaTest\system\CodeIgniter.php(368): CodeIgniter\CodeIgniter->handleRequest()
#12 D:\Estudio\solutoriaTest\public\index.php(67): CodeIgniter\CodeIgniter->run()
#13 D:\Estudio\solutoriaTest\system\Commands\Server\rewrite.php(47): require_once('...')
#14 {main}
CRITICAL - 2023-02-02 23:20:59 --> pg_query(): Query failed: ERROR:  no existe la columna «fechaindicador»
LINE 3: WHERE fechaIndicador BETWEEN 2023-02-02 AND 2023-02-04
              ^
HINT:  Probablemente quiera hacer referencia a la columna «indicadores.fechaIndicador».
in SYSTEMPATH\Database\BaseConnection.php on line 645.
 1 SYSTEMPATH\Database\BaseBuilder.php(1602): CodeIgniter\Database\BaseConnection->query()
 2 SYSTEMPATH\Model.php(240): CodeIgniter\Database\BaseBuilder->get()
 3 SYSTEMPATH\BaseModel.php(618): CodeIgniter\Model->doFindAll()
 4 APPPATH\Models\Indicadores.php(48): CodeIgniter\BaseModel->findAll()
 5 APPPATH\Controllers\IndicadoresController.php(31): App\Models\Indicadores->getDataFilter()
 6 SYSTEMPATH\CodeIgniter.php(934): App\Controllers\IndicadoresController->getDataFilter()
 7 SYSTEMPATH\CodeIgniter.php(499): CodeIgniter\CodeIgniter->runController()
 8 SYSTEMPATH\CodeIgniter.php(368): CodeIgniter\CodeIgniter->handleRequest()
 9 FCPATH\index.php(67): CodeIgniter\CodeIgniter->run()
10 SYSTEMPATH\Commands\Server\rewrite.php(47): require_once('FCPATH\\index.php')
ERROR - 2023-02-02 23:21:56 --> ErrorException: pg_query(): Query failed: ERROR:  no existe la columna «fechaindicador»
LINE 3: WHERE fechaIndicador BETWEEN 2023-02-02 AND 2023-02-05
              ^
HINT:  Probablemente quiera hacer referencia a la columna «indicadores.fechaIndicador». in D:\Estudio\solutoriaTest\system\Database\Postgre\Connection.php:147
Stack trace:
#0 [internal function]: CodeIgniter\Debug\Exceptions->errorHandler()
#1 D:\Estudio\solutoriaTest\system\Database\Postgre\Connection.php(147): pg_query()
#2 D:\Estudio\solutoriaTest\system\Database\BaseConnection.php(691): CodeIgniter\Database\Postgre\Connection->execute()
#3 D:\Estudio\solutoriaTest\system\Database\BaseConnection.php(605): CodeIgniter\Database\BaseConnection->simpleQuery()
#4 D:\Estudio\solutoriaTest\system\Database\BaseBuilder.php(1602): CodeIgniter\Database\BaseConnection->query()
#5 D:\Estudio\solutoriaTest\system\Model.php(240): CodeIgniter\Database\BaseBuilder->get()
#6 D:\Estudio\solutoriaTest\system\BaseModel.php(618): CodeIgniter\Model->doFindAll()
#7 D:\Estudio\solutoriaTest\app\Models\Indicadores.php(47): CodeIgniter\BaseModel->findAll()
#8 D:\Estudio\solutoriaTest\app\Controllers\IndicadoresController.php(31): App\Models\Indicadores->getDataFilter()
#9 D:\Estudio\solutoriaTest\system\CodeIgniter.php(934): App\Controllers\IndicadoresController->getDataFilter()
#10 D:\Estudio\solutoriaTest\system\CodeIgniter.php(499): CodeIgniter\CodeIgniter->runController()
#11 D:\Estudio\solutoriaTest\system\CodeIgniter.php(368): CodeIgniter\CodeIgniter->handleRequest()
#12 D:\Estudio\solutoriaTest\public\index.php(67): CodeIgniter\CodeIgniter->run()
#13 D:\Estudio\solutoriaTest\system\Commands\Server\rewrite.php(47): require_once('...')
#14 {main}
CRITICAL - 2023-02-02 23:21:56 --> pg_query(): Query failed: ERROR:  no existe la columna «fechaindicador»
LINE 3: WHERE fechaIndicador BETWEEN 2023-02-02 AND 2023-02-05
              ^
HINT:  Probablemente quiera hacer referencia a la columna «indicadores.fechaIndicador».
in SYSTEMPATH\Database\BaseConnection.php on line 645.
 1 SYSTEMPATH\Database\BaseBuilder.php(1602): CodeIgniter\Database\BaseConnection->query()
 2 SYSTEMPATH\Model.php(240): CodeIgniter\Database\BaseBuilder->get()
 3 SYSTEMPATH\BaseModel.php(618): CodeIgniter\Model->doFindAll()
 4 APPPATH\Models\Indicadores.php(47): CodeIgniter\BaseModel->findAll()
 5 APPPATH\Controllers\IndicadoresController.php(31): App\Models\Indicadores->getDataFilter()
 6 SYSTEMPATH\CodeIgniter.php(934): App\Controllers\IndicadoresController->getDataFilter()
 7 SYSTEMPATH\CodeIgniter.php(499): CodeIgniter\CodeIgniter->runController()
 8 SYSTEMPATH\CodeIgniter.php(368): CodeIgniter\CodeIgniter->handleRequest()
 9 FCPATH\index.php(67): CodeIgniter\CodeIgniter->run()
10 SYSTEMPATH\Commands\Server\rewrite.php(47): require_once('FCPATH\\index.php')
ERROR - 2023-02-02 23:22:22 --> ErrorException: pg_query(): Query failed: ERROR:  error de sintaxis en o cerca de «$»
LINE 3: WHERE fechaIndicador BETWEEN $startDate AND $endDate
                                     ^ in D:\Estudio\solutoriaTest\system\Database\Postgre\Connection.php:147
Stack trace:
#0 [internal function]: CodeIgniter\Debug\Exceptions->errorHandler()
#1 D:\Estudio\solutoriaTest\system\Database\Postgre\Connection.php(147): pg_query()
#2 D:\Estudio\solutoriaTest\system\Database\BaseConnection.php(691): CodeIgniter\Database\Postgre\Connection->execute()
#3 D:\Estudio\solutoriaTest\system\Database\BaseConnection.php(605): CodeIgniter\Database\BaseConnection->simpleQuery()
#4 D:\Estudio\solutoriaTest\system\Database\BaseBuilder.php(1602): CodeIgniter\Database\BaseConnection->query()
#5 D:\Estudio\solutoriaTest\system\Model.php(240): CodeIgniter\Database\BaseBuilder->get()
#6 D:\Estudio\solutoriaTest\system\BaseModel.php(618): CodeIgniter\Model->doFindAll()
#7 D:\Estudio\solutoriaTest\app\Models\Indicadores.php(47): CodeIgniter\BaseModel->findAll()
#8 D:\Estudio\solutoriaTest\app\Controllers\IndicadoresController.php(31): App\Models\Indicadores->getDataFilter()
#9 D:\Estudio\solutoriaTest\system\CodeIgniter.php(934): App\Controllers\IndicadoresController->getDataFilter()
#10 D:\Estudio\solutoriaTest\system\CodeIgniter.php(499): CodeIgniter\CodeIgniter->runController()
#11 D:\Estudio\solutoriaTest\system\CodeIgniter.php(368): CodeIgniter\CodeIgniter->handleRequest()
#12 D:\Estudio\solutoriaTest\public\index.php(67): CodeIgniter\CodeIgniter->run()
#13 D:\Estudio\solutoriaTest\system\Commands\Server\rewrite.php(47): require_once('...')
#14 {main}
CRITICAL - 2023-02-02 23:22:22 --> pg_query(): Query failed: ERROR:  error de sintaxis en o cerca de «$»
LINE 3: WHERE fechaIndicador BETWEEN $startDate AND $endDate
                                     ^
in SYSTEMPATH\Database\BaseConnection.php on line 645.
 1 SYSTEMPATH\Database\BaseBuilder.php(1602): CodeIgniter\Database\BaseConnection->query()
 2 SYSTEMPATH\Model.php(240): CodeIgniter\Database\BaseBuilder->get()
 3 SYSTEMPATH\BaseModel.php(618): CodeIgniter\Model->doFindAll()
 4 APPPATH\Models\Indicadores.php(47): CodeIgniter\BaseModel->findAll()
 5 APPPATH\Controllers\IndicadoresController.php(31): App\Models\Indicadores->getDataFilter()
 6 SYSTEMPATH\CodeIgniter.php(934): App\Controllers\IndicadoresController->getDataFilter()
 7 SYSTEMPATH\CodeIgniter.php(499): CodeIgniter\CodeIgniter->runController()
 8 SYSTEMPATH\CodeIgniter.php(368): CodeIgniter\CodeIgniter->handleRequest()
 9 FCPATH\index.php(67): CodeIgniter\CodeIgniter->run()
10 SYSTEMPATH\Commands\Server\rewrite.php(47): require_once('FCPATH\\index.php')
CRITICAL - 2023-02-02 23:22:56 --> syntax error, unexpected identifier "fechaIndicador", expecting ")"
in APPPATH\Models\Indicadores.php on line 48.
 1 SYSTEMPATH\Autoloader\Autoloader.php(289): CodeIgniter\Autoloader\Autoloader->includeFile()
 2 SYSTEMPATH\Autoloader\Autoloader.php(267): CodeIgniter\Autoloader\Autoloader->loadInNamespace()
 3 APPPATH\Controllers\IndicadoresController.php(18): CodeIgniter\Autoloader\Autoloader->loadClass()
 4 SYSTEMPATH\CodeIgniter.php(934): App\Controllers\IndicadoresController->getData()
 5 SYSTEMPATH\CodeIgniter.php(499): CodeIgniter\CodeIgniter->runController()
 6 SYSTEMPATH\CodeIgniter.php(368): CodeIgniter\CodeIgniter->handleRequest()
 7 FCPATH\index.php(67): CodeIgniter\CodeIgniter->run()
 8 SYSTEMPATH\Commands\Server\rewrite.php(47): require_once('FCPATH\\index.php')
CRITICAL - 2023-02-02 23:22:59 --> syntax error, unexpected identifier "fechaIndicador", expecting ")"
in APPPATH\Models\Indicadores.php on line 48.
 1 SYSTEMPATH\Autoloader\Autoloader.php(289): CodeIgniter\Autoloader\Autoloader->includeFile()
 2 SYSTEMPATH\Autoloader\Autoloader.php(267): CodeIgniter\Autoloader\Autoloader->loadInNamespace()
 3 APPPATH\Controllers\IndicadoresController.php(26): CodeIgniter\Autoloader\Autoloader->loadClass()
 4 SYSTEMPATH\CodeIgniter.php(934): App\Controllers\IndicadoresController->getDataFilter()
 5 SYSTEMPATH\CodeIgniter.php(499): CodeIgniter\CodeIgniter->runController()
 6 SYSTEMPATH\CodeIgniter.php(368): CodeIgniter\CodeIgniter->handleRequest()
 7 FCPATH\index.php(67): CodeIgniter\CodeIgniter->run()
 8 SYSTEMPATH\Commands\Server\rewrite.php(47): require_once('FCPATH\\index.php')
ERROR - 2023-02-02 23:24:11 --> ErrorException: pg_query(): Query failed: ERROR:  no existe la columna «fechaindicador»
LINE 3: WHERE fechaIndicador BETWEEN 2023-02-02 AND 2023-02-05
              ^
HINT:  Probablemente quiera hacer referencia a la columna «indicadores.fechaIndicador». in D:\Estudio\solutoriaTest\system\Database\Postgre\Connection.php:147
Stack trace:
#0 [internal function]: CodeIgniter\Debug\Exceptions->errorHandler()
#1 D:\Estudio\solutoriaTest\system\Database\Postgre\Connection.php(147): pg_query()
#2 D:\Estudio\solutoriaTest\system\Database\BaseConnection.php(691): CodeIgniter\Database\Postgre\Connection->execute()
#3 D:\Estudio\solutoriaTest\system\Database\BaseConnection.php(605): CodeIgniter\Database\BaseConnection->simpleQuery()
#4 D:\Estudio\solutoriaTest\system\Database\BaseBuilder.php(1602): CodeIgniter\Database\BaseConnection->query()
#5 D:\Estudio\solutoriaTest\system\Model.php(240): CodeIgniter\Database\BaseBuilder->get()
#6 D:\Estudio\solutoriaTest\system\BaseModel.php(618): CodeIgniter\Model->doFindAll()
#7 D:\Estudio\solutoriaTest\app\Models\Indicadores.php(47): CodeIgniter\BaseModel->findAll()
#8 D:\Estudio\solutoriaTest\app\Controllers\IndicadoresController.php(31): App\Models\Indicadores->getDataFilter()
#9 D:\Estudio\solutoriaTest\system\CodeIgniter.php(934): App\Controllers\IndicadoresController->getDataFilter()
#10 D:\Estudio\solutoriaTest\system\CodeIgniter.php(499): CodeIgniter\CodeIgniter->runController()
#11 D:\Estudio\solutoriaTest\system\CodeIgniter.php(368): CodeIgniter\CodeIgniter->handleRequest()
#12 D:\Estudio\solutoriaTest\public\index.php(67): CodeIgniter\CodeIgniter->run()
#13 D:\Estudio\solutoriaTest\system\Commands\Server\rewrite.php(47): require_once('...')
#14 {main}
CRITICAL - 2023-02-02 23:24:11 --> pg_query(): Query failed: ERROR:  no existe la columna «fechaindicador»
LINE 3: WHERE fechaIndicador BETWEEN 2023-02-02 AND 2023-02-05
              ^
HINT:  Probablemente quiera hacer referencia a la columna «indicadores.fechaIndicador».
in SYSTEMPATH\Database\BaseConnection.php on line 645.
 1 SYSTEMPATH\Database\BaseBuilder.php(1602): CodeIgniter\Database\BaseConnection->query()
 2 SYSTEMPATH\Model.php(240): CodeIgniter\Database\BaseBuilder->get()
 3 SYSTEMPATH\BaseModel.php(618): CodeIgniter\Model->doFindAll()
 4 APPPATH\Models\Indicadores.php(47): CodeIgniter\BaseModel->findAll()
 5 APPPATH\Controllers\IndicadoresController.php(31): App\Models\Indicadores->getDataFilter()
 6 SYSTEMPATH\CodeIgniter.php(934): App\Controllers\IndicadoresController->getDataFilter()
 7 SYSTEMPATH\CodeIgniter.php(499): CodeIgniter\CodeIgniter->runController()
 8 SYSTEMPATH\CodeIgniter.php(368): CodeIgniter\CodeIgniter->handleRequest()
 9 FCPATH\index.php(67): CodeIgniter\CodeIgniter->run()
10 SYSTEMPATH\Commands\Server\rewrite.php(47): require_once('FCPATH\\index.php')
ERROR - 2023-02-02 23:25:21 --> ErrorException: pg_query(): Query failed: ERROR:  el operador no existe: date &gt;= integer
LINE 3: WHERE &quot;fechaIndicador&quot; BETWEEN 2023-02-02 AND 2023-02-05
                               ^
HINT:  Ningún operador coincide en el nombre y tipos de argumentos. Puede ser necesario agregar conversión explícita de tipos. in D:\Estudio\solutoriaTest\system\Database\Postgre\Connection.php:147
Stack trace:
#0 [internal function]: CodeIgniter\Debug\Exceptions->errorHandler()
#1 D:\Estudio\solutoriaTest\system\Database\Postgre\Connection.php(147): pg_query()
#2 D:\Estudio\solutoriaTest\system\Database\BaseConnection.php(691): CodeIgniter\Database\Postgre\Connection->execute()
#3 D:\Estudio\solutoriaTest\system\Database\BaseConnection.php(605): CodeIgniter\Database\BaseConnection->simpleQuery()
#4 D:\Estudio\solutoriaTest\system\Database\BaseBuilder.php(1602): CodeIgniter\Database\BaseConnection->query()
#5 D:\Estudio\solutoriaTest\system\Model.php(240): CodeIgniter\Database\BaseBuilder->get()
#6 D:\Estudio\solutoriaTest\system\BaseModel.php(618): CodeIgniter\Model->doFindAll()
#7 D:\Estudio\solutoriaTest\app\Models\Indicadores.php(47): CodeIgniter\BaseModel->findAll()
#8 D:\Estudio\solutoriaTest\app\Controllers\IndicadoresController.php(31): App\Models\Indicadores->getDataFilter()
#9 D:\Estudio\solutoriaTest\system\CodeIgniter.php(934): App\Controllers\IndicadoresController->getDataFilter()
#10 D:\Estudio\solutoriaTest\system\CodeIgniter.php(499): CodeIgniter\CodeIgniter->runController()
#11 D:\Estudio\solutoriaTest\system\CodeIgniter.php(368): CodeIgniter\CodeIgniter->handleRequest()
#12 D:\Estudio\solutoriaTest\public\index.php(67): CodeIgniter\CodeIgniter->run()
#13 D:\Estudio\solutoriaTest\system\Commands\Server\rewrite.php(47): require_once('...')
#14 {main}
CRITICAL - 2023-02-02 23:25:21 --> pg_query(): Query failed: ERROR:  el operador no existe: date &gt;= integer
LINE 3: WHERE &quot;fechaIndicador&quot; BETWEEN 2023-02-02 AND 2023-02-05
                               ^
HINT:  Ningún operador coincide en el nombre y tipos de argumentos. Puede ser necesario agregar conversión explícita de tipos.
in SYSTEMPATH\Database\BaseConnection.php on line 645.
 1 SYSTEMPATH\Database\BaseBuilder.php(1602): CodeIgniter\Database\BaseConnection->query()
 2 SYSTEMPATH\Model.php(240): CodeIgniter\Database\BaseBuilder->get()
 3 SYSTEMPATH\BaseModel.php(618): CodeIgniter\Model->doFindAll()
 4 APPPATH\Models\Indicadores.php(47): CodeIgniter\BaseModel->findAll()
 5 APPPATH\Controllers\IndicadoresController.php(31): App\Models\Indicadores->getDataFilter()
 6 SYSTEMPATH\CodeIgniter.php(934): App\Controllers\IndicadoresController->getDataFilter()
 7 SYSTEMPATH\CodeIgniter.php(499): CodeIgniter\CodeIgniter->runController()
 8 SYSTEMPATH\CodeIgniter.php(368): CodeIgniter\CodeIgniter->handleRequest()
 9 FCPATH\index.php(67): CodeIgniter\CodeIgniter->run()
10 SYSTEMPATH\Commands\Server\rewrite.php(47): require_once('FCPATH\\index.php')
