CRITICAL - 2023-01-31 00:00:30 --> json_decode(): Argument #1 ($json) must be of type string, array given
in APPPATH\Controllers\AccessController.php on line 19.
 1 APPPATH\Controllers\AccessController.php(19): json_decode()
 2 SYSTEMPATH\CodeIgniter.php(934): App\Controllers\AccessController->index()
 3 SYSTEMPATH\CodeIgniter.php(499): CodeIgniter\CodeIgniter->runController()
 4 SYSTEMPATH\CodeIgniter.php(368): CodeIgniter\CodeIgniter->handleRequest()
 5 FCPATH\index.php(67): CodeIgniter\CodeIgniter->run()
 6 SYSTEMPATH\Commands\Server\rewrite.php(47): require_once('FCPATH\\index.php')
CRITICAL - 2023-01-31 00:07:09 --> Class "App\Controllers\Exception" not found
in APPPATH\Controllers\AccessController.php on line 76.
 1 SYSTEMPATH\CodeIgniter.php(934): App\Controllers\AccessController->index()
 2 SYSTEMPATH\CodeIgniter.php(499): CodeIgniter\CodeIgniter->runController()
 3 SYSTEMPATH\CodeIgniter.php(368): CodeIgniter\CodeIgniter->handleRequest()
 4 FCPATH\index.php(67): CodeIgniter\CodeIgniter->run()
 5 SYSTEMPATH\Commands\Server\rewrite.php(47): require_once('FCPATH\\index.php')
CRITICAL - 2023-01-31 00:24:34 --> Cannot use try without catch or finally
in APPPATH\Controllers\AccessController.php on line 52.
 1 [internal function]: CodeIgniter\Debug\Exceptions->shutdownHandler()
CRITICAL - 2023-01-31 00:25:10 --> Undefined variable $type
in APPPATH\Controllers\AccessController.php on line 60.
 1 APPPATH\Controllers\AccessController.php(60): CodeIgniter\Debug\Exceptions->errorHandler()
 2 SYSTEMPATH\CodeIgniter.php(934): App\Controllers\AccessController->index()
 3 SYSTEMPATH\CodeIgniter.php(499): CodeIgniter\CodeIgniter->runController()
 4 SYSTEMPATH\CodeIgniter.php(368): CodeIgniter\CodeIgniter->handleRequest()
 5 FCPATH\index.php(67): CodeIgniter\CodeIgniter->run()
 6 SYSTEMPATH\Commands\Server\rewrite.php(47): require_once('FCPATH\\index.php')
CRITICAL - 2023-01-31 00:25:39 --> Undefined variable $type
in APPPATH\Controllers\AccessController.php on line 60.
 1 APPPATH\Controllers\AccessController.php(60): CodeIgniter\Debug\Exceptions->errorHandler()
 2 SYSTEMPATH\CodeIgniter.php(934): App\Controllers\AccessController->index()
 3 SYSTEMPATH\CodeIgniter.php(499): CodeIgniter\CodeIgniter->runController()
 4 SYSTEMPATH\CodeIgniter.php(368): CodeIgniter\CodeIgniter->handleRequest()
 5 FCPATH\index.php(67): CodeIgniter\CodeIgniter->run()
 6 SYSTEMPATH\Commands\Server\rewrite.php(47): require_once('FCPATH\\index.php')
CRITICAL - 2023-01-31 00:29:07 --> Undefined variable $type
in APPPATH\Controllers\AccessController.php on line 62.
 1 APPPATH\Controllers\AccessController.php(62): CodeIgniter\Debug\Exceptions->errorHandler()
 2 SYSTEMPATH\CodeIgniter.php(934): App\Controllers\AccessController->index()
 3 SYSTEMPATH\CodeIgniter.php(499): CodeIgniter\CodeIgniter->runController()
 4 SYSTEMPATH\CodeIgniter.php(368): CodeIgniter\CodeIgniter->handleRequest()
 5 FCPATH\index.php(67): CodeIgniter\CodeIgniter->run()
 6 SYSTEMPATH\Commands\Server\rewrite.php(47): require_once('FCPATH\\index.php')
CRITICAL - 2023-01-31 00:29:19 --> Undefined variable $type
in APPPATH\Controllers\AccessController.php on line 62.
 1 APPPATH\Controllers\AccessController.php(62): CodeIgniter\Debug\Exceptions->errorHandler()
 2 SYSTEMPATH\CodeIgniter.php(934): App\Controllers\AccessController->index()
 3 SYSTEMPATH\CodeIgniter.php(499): CodeIgniter\CodeIgniter->runController()
 4 SYSTEMPATH\CodeIgniter.php(368): CodeIgniter\CodeIgniter->handleRequest()
 5 FCPATH\index.php(67): CodeIgniter\CodeIgniter->run()
 6 SYSTEMPATH\Commands\Server\rewrite.php(47): require_once('FCPATH\\index.php')
CRITICAL - 2023-01-31 00:38:34 --> file_get_contents(https://postulaciones.solutoria.cl/api/acceso): Failed to open stream: HTTP request failed! HTTP/1.1 405 Method Not Allowed

in APPPATH\Controllers\AccessController.php on line 14.
 1 [internal function]: CodeIgniter\Debug\Exceptions->errorHandler()
 2 APPPATH\Controllers\AccessController.php(14): file_get_contents()
 3 SYSTEMPATH\CodeIgniter.php(934): App\Controllers\AccessController->index()
 4 SYSTEMPATH\CodeIgniter.php(499): CodeIgniter\CodeIgniter->runController()
 5 SYSTEMPATH\CodeIgniter.php(368): CodeIgniter\CodeIgniter->handleRequest()
 6 FCPATH\index.php(67): CodeIgniter\CodeIgniter->run()
 7 SYSTEMPATH\Commands\Server\rewrite.php(47): require_once('FCPATH\\index.php')
CRITICAL - 2023-01-31 00:45:07 --> Undefined variable $type
in APPPATH\Controllers\AccessController.php on line 62.
 1 APPPATH\Controllers\AccessController.php(62): CodeIgniter\Debug\Exceptions->errorHandler()
 2 SYSTEMPATH\CodeIgniter.php(934): App\Controllers\AccessController->index()
 3 SYSTEMPATH\CodeIgniter.php(499): CodeIgniter\CodeIgniter->runController()
 4 SYSTEMPATH\CodeIgniter.php(368): CodeIgniter\CodeIgniter->handleRequest()
 5 FCPATH\index.php(67): CodeIgniter\CodeIgniter->run()
 6 SYSTEMPATH\Commands\Server\rewrite.php(47): require_once('FCPATH\\index.php')
CRITICAL - 2023-01-31 00:45:32 --> Undefined variable $type
in APPPATH\Controllers\AccessController.php on line 62.
 1 APPPATH\Controllers\AccessController.php(62): CodeIgniter\Debug\Exceptions->errorHandler()
 2 SYSTEMPATH\CodeIgniter.php(934): App\Controllers\AccessController->index()
 3 SYSTEMPATH\CodeIgniter.php(499): CodeIgniter\CodeIgniter->runController()
 4 SYSTEMPATH\CodeIgniter.php(368): CodeIgniter\CodeIgniter->handleRequest()
 5 FCPATH\index.php(67): CodeIgniter\CodeIgniter->run()
 6 SYSTEMPATH\Commands\Server\rewrite.php(47): require_once('FCPATH\\index.php')
CRITICAL - 2023-01-31 00:46:05 --> Undefined variable $type
in APPPATH\Controllers\AccessController.php on line 62.
 1 APPPATH\Controllers\AccessController.php(62): CodeIgniter\Debug\Exceptions->errorHandler()
 2 SYSTEMPATH\CodeIgniter.php(934): App\Controllers\AccessController->index()
 3 SYSTEMPATH\CodeIgniter.php(499): CodeIgniter\CodeIgniter->runController()
 4 SYSTEMPATH\CodeIgniter.php(368): CodeIgniter\CodeIgniter->handleRequest()
 5 FCPATH\index.php(67): CodeIgniter\CodeIgniter->run()
 6 SYSTEMPATH\Commands\Server\rewrite.php(47): require_once('FCPATH\\index.php')
CRITICAL - 2023-01-31 00:46:13 --> Undefined variable $type
in APPPATH\Controllers\AccessController.php on line 62.
 1 APPPATH\Controllers\AccessController.php(62): CodeIgniter\Debug\Exceptions->errorHandler()
 2 SYSTEMPATH\CodeIgniter.php(934): App\Controllers\AccessController->index()
 3 SYSTEMPATH\CodeIgniter.php(499): CodeIgniter\CodeIgniter->runController()
 4 SYSTEMPATH\CodeIgniter.php(368): CodeIgniter\CodeIgniter->handleRequest()
 5 FCPATH\index.php(67): CodeIgniter\CodeIgniter->run()
 6 SYSTEMPATH\Commands\Server\rewrite.php(47): require_once('FCPATH\\index.php')
CRITICAL - 2023-01-31 00:50:07 --> Class "App\Controllers\ResourcedController" not found
in APPPATH\Controllers\AccessController.php on line 7.
 1 SYSTEMPATH\Autoloader\Autoloader.php(312): include_once()
 2 SYSTEMPATH\Autoloader\Autoloader.php(289): CodeIgniter\Autoloader\Autoloader->includeFile()
 3 SYSTEMPATH\Autoloader\Autoloader.php(267): CodeIgniter\Autoloader\Autoloader->loadInNamespace()
 4 [internal function]: CodeIgniter\Autoloader\Autoloader->loadClass()
 5 SYSTEMPATH\CodeIgniter.php(892): class_exists()
 6 SYSTEMPATH\CodeIgniter.php(486): CodeIgniter\CodeIgniter->startController()
 7 SYSTEMPATH\CodeIgniter.php(368): CodeIgniter\CodeIgniter->handleRequest()
 8 FCPATH\index.php(67): CodeIgniter\CodeIgniter->run()
 9 SYSTEMPATH\Commands\Server\rewrite.php(47): require_once('FCPATH\\index.php')
CRITICAL - 2023-01-31 00:50:09 --> Class "App\Controllers\ResourcedController" not found
in APPPATH\Controllers\AccessController.php on line 7.
 1 SYSTEMPATH\Autoloader\Autoloader.php(312): include_once()
 2 SYSTEMPATH\Autoloader\Autoloader.php(289): CodeIgniter\Autoloader\Autoloader->includeFile()
 3 SYSTEMPATH\Autoloader\Autoloader.php(267): CodeIgniter\Autoloader\Autoloader->loadInNamespace()
 4 [internal function]: CodeIgniter\Autoloader\Autoloader->loadClass()
 5 SYSTEMPATH\CodeIgniter.php(892): class_exists()
 6 SYSTEMPATH\CodeIgniter.php(486): CodeIgniter\CodeIgniter->startController()
 7 SYSTEMPATH\CodeIgniter.php(368): CodeIgniter\CodeIgniter->handleRequest()
 8 FCPATH\index.php(67): CodeIgniter\CodeIgniter->run()
 9 SYSTEMPATH\Commands\Server\rewrite.php(47): require_once('FCPATH\\index.php')
CRITICAL - 2023-01-31 00:50:36 --> Class "App\Controllers\ResourceController" not found
in APPPATH\Controllers\AccessController.php on line 7.
 1 SYSTEMPATH\Autoloader\Autoloader.php(312): include_once()
 2 SYSTEMPATH\Autoloader\Autoloader.php(289): CodeIgniter\Autoloader\Autoloader->includeFile()
 3 SYSTEMPATH\Autoloader\Autoloader.php(267): CodeIgniter\Autoloader\Autoloader->loadInNamespace()
 4 [internal function]: CodeIgniter\Autoloader\Autoloader->loadClass()
 5 SYSTEMPATH\CodeIgniter.php(892): class_exists()
 6 SYSTEMPATH\CodeIgniter.php(486): CodeIgniter\CodeIgniter->startController()
 7 SYSTEMPATH\CodeIgniter.php(368): CodeIgniter\CodeIgniter->handleRequest()
 8 FCPATH\index.php(67): CodeIgniter\CodeIgniter->run()
 9 SYSTEMPATH\Commands\Server\rewrite.php(47): require_once('FCPATH\\index.php')
CRITICAL - 2023-01-31 00:51:02 --> Class "App\Controllers\ResourceController" not found
in APPPATH\Controllers\AccessController.php on line 8.
 1 SYSTEMPATH\Autoloader\Autoloader.php(312): include_once()
 2 SYSTEMPATH\Autoloader\Autoloader.php(289): CodeIgniter\Autoloader\Autoloader->includeFile()
 3 SYSTEMPATH\Autoloader\Autoloader.php(267): CodeIgniter\Autoloader\Autoloader->loadInNamespace()
 4 [internal function]: CodeIgniter\Autoloader\Autoloader->loadClass()
 5 SYSTEMPATH\CodeIgniter.php(892): class_exists()
 6 SYSTEMPATH\CodeIgniter.php(486): CodeIgniter\CodeIgniter->startController()
 7 SYSTEMPATH\CodeIgniter.php(368): CodeIgniter\CodeIgniter->handleRequest()
 8 FCPATH\index.php(67): CodeIgniter\CodeIgniter->run()
 9 SYSTEMPATH\Commands\Server\rewrite.php(47): require_once('FCPATH\\index.php')
CRITICAL - 2023-01-31 00:51:50 --> Class "App\Controllers\ResourceController" not found
in APPPATH\Controllers\AccessController.php on line 8.
 1 SYSTEMPATH\Autoloader\Autoloader.php(312): include_once()
 2 SYSTEMPATH\Autoloader\Autoloader.php(289): CodeIgniter\Autoloader\Autoloader->includeFile()
 3 SYSTEMPATH\Autoloader\Autoloader.php(267): CodeIgniter\Autoloader\Autoloader->loadInNamespace()
 4 [internal function]: CodeIgniter\Autoloader\Autoloader->loadClass()
 5 SYSTEMPATH\CodeIgniter.php(892): class_exists()
 6 SYSTEMPATH\CodeIgniter.php(486): CodeIgniter\CodeIgniter->startController()
 7 SYSTEMPATH\CodeIgniter.php(368): CodeIgniter\CodeIgniter->handleRequest()
 8 FCPATH\index.php(67): CodeIgniter\CodeIgniter->run()
 9 SYSTEMPATH\Commands\Server\rewrite.php(47): require_once('FCPATH\\index.php')
CRITICAL - 2023-01-31 00:52:08 --> Class "App\Controllers\ResourceController" not found
in APPPATH\Controllers\AccessController.php on line 8.
 1 SYSTEMPATH\Autoloader\Autoloader.php(312): include_once()
 2 SYSTEMPATH\Autoloader\Autoloader.php(289): CodeIgniter\Autoloader\Autoloader->includeFile()
 3 SYSTEMPATH\Autoloader\Autoloader.php(267): CodeIgniter\Autoloader\Autoloader->loadInNamespace()
 4 [internal function]: CodeIgniter\Autoloader\Autoloader->loadClass()
 5 SYSTEMPATH\CodeIgniter.php(892): class_exists()
 6 SYSTEMPATH\CodeIgniter.php(486): CodeIgniter\CodeIgniter->startController()
 7 SYSTEMPATH\CodeIgniter.php(368): CodeIgniter\CodeIgniter->handleRequest()
 8 FCPATH\index.php(67): CodeIgniter\CodeIgniter->run()
 9 SYSTEMPATH\Commands\Server\rewrite.php(47): require_once('FCPATH\\index.php')
CRITICAL - 2023-01-31 01:10:40 --> SSL certificate problem: unable to get local issuer certificate
in APPPATH\Controllers\AccessController.php on line 40.
 1 SYSTEMPATH\CodeIgniter.php(934): App\Controllers\AccessController->index()
 2 SYSTEMPATH\CodeIgniter.php(499): CodeIgniter\CodeIgniter->runController()
 3 SYSTEMPATH\CodeIgniter.php(368): CodeIgniter\CodeIgniter->handleRequest()
 4 FCPATH\index.php(67): CodeIgniter\CodeIgniter->run()
 5 SYSTEMPATH\Commands\Server\rewrite.php(47): require_once('FCPATH\\index.php')
CRITICAL - 2023-01-31 01:11:03 --> SSL certificate problem: unable to get local issuer certificate
in APPPATH\Controllers\AccessController.php on line 40.
 1 SYSTEMPATH\CodeIgniter.php(934): App\Controllers\AccessController->index()
 2 SYSTEMPATH\CodeIgniter.php(499): CodeIgniter\CodeIgniter->runController()
 3 SYSTEMPATH\CodeIgniter.php(368): CodeIgniter\CodeIgniter->handleRequest()
 4 FCPATH\index.php(67): CodeIgniter\CodeIgniter->run()
 5 SYSTEMPATH\Commands\Server\rewrite.php(47): require_once('FCPATH\\index.php')
CRITICAL - 2023-01-31 01:11:18 --> SSL certificate problem: unable to get local issuer certificate
in APPPATH\Controllers\AccessController.php on line 40.
 1 SYSTEMPATH\CodeIgniter.php(934): App\Controllers\AccessController->index()
 2 SYSTEMPATH\CodeIgniter.php(499): CodeIgniter\CodeIgniter->runController()
 3 SYSTEMPATH\CodeIgniter.php(368): CodeIgniter\CodeIgniter->handleRequest()
 4 FCPATH\index.php(67): CodeIgniter\CodeIgniter->run()
 5 SYSTEMPATH\Commands\Server\rewrite.php(47): require_once('FCPATH\\index.php')
CRITICAL - 2023-01-31 01:12:05 --> SSL certificate problem: unable to get local issuer certificate
in APPPATH\Controllers\AccessController.php on line 45.
 1 SYSTEMPATH\CodeIgniter.php(934): App\Controllers\AccessController->index()
 2 SYSTEMPATH\CodeIgniter.php(499): CodeIgniter\CodeIgniter->runController()
 3 SYSTEMPATH\CodeIgniter.php(368): CodeIgniter\CodeIgniter->handleRequest()
 4 FCPATH\index.php(67): CodeIgniter\CodeIgniter->run()
 5 SYSTEMPATH\Commands\Server\rewrite.php(47): require_once('FCPATH\\index.php')
CRITICAL - 2023-01-31 01:13:00 --> SSL certificate problem: unable to get local issuer certificate
in APPPATH\Controllers\AccessController.php on line 39.
 1 SYSTEMPATH\CodeIgniter.php(934): App\Controllers\AccessController->index()
 2 SYSTEMPATH\CodeIgniter.php(499): CodeIgniter\CodeIgniter->runController()
 3 SYSTEMPATH\CodeIgniter.php(368): CodeIgniter\CodeIgniter->handleRequest()
 4 FCPATH\index.php(67): CodeIgniter\CodeIgniter->run()
 5 SYSTEMPATH\Commands\Server\rewrite.php(47): require_once('FCPATH\\index.php')
CRITICAL - 2023-01-31 01:40:39 --> Call to undefined function App\Controllers\probando()
in APPPATH\Controllers\AccessController.php on line 42.
 1 SYSTEMPATH\CodeIgniter.php(934): App\Controllers\AccessController->index()
 2 SYSTEMPATH\CodeIgniter.php(499): CodeIgniter\CodeIgniter->runController()
 3 SYSTEMPATH\CodeIgniter.php(368): CodeIgniter\CodeIgniter->handleRequest()
 4 FCPATH\index.php(67): CodeIgniter\CodeIgniter->run()
 5 SYSTEMPATH\Commands\Server\rewrite.php(47): require_once('FCPATH\\index.php')
CRITICAL - 2023-01-31 01:43:22 --> Cannot access offset of type string on string
in APPPATH\Controllers\AccessController.php on line 46.
 1 APPPATH\Controllers\AccessController.php(42): App\Controllers\AccessController->probando()
 2 SYSTEMPATH\CodeIgniter.php(934): App\Controllers\AccessController->index()
 3 SYSTEMPATH\CodeIgniter.php(499): CodeIgniter\CodeIgniter->runController()
 4 SYSTEMPATH\CodeIgniter.php(368): CodeIgniter\CodeIgniter->handleRequest()
 5 FCPATH\index.php(67): CodeIgniter\CodeIgniter->run()
 6 SYSTEMPATH\Commands\Server\rewrite.php(47): require_once('FCPATH\\index.php')
CRITICAL - 2023-01-31 01:45:10 --> Cannot access offset of type string on string
in APPPATH\Controllers\AccessController.php on line 46.
 1 APPPATH\Controllers\AccessController.php(42): App\Controllers\AccessController->probando()
 2 SYSTEMPATH\CodeIgniter.php(934): App\Controllers\AccessController->index()
 3 SYSTEMPATH\CodeIgniter.php(499): CodeIgniter\CodeIgniter->runController()
 4 SYSTEMPATH\CodeIgniter.php(368): CodeIgniter\CodeIgniter->handleRequest()
 5 FCPATH\index.php(67): CodeIgniter\CodeIgniter->run()
 6 SYSTEMPATH\Commands\Server\rewrite.php(47): require_once('FCPATH\\index.php')
CRITICAL - 2023-01-31 01:49:39 --> Cannot access offset of type string on string
in APPPATH\Controllers\AccessController.php on line 46.
 1 APPPATH\Controllers\AccessController.php(42): App\Controllers\AccessController->probando()
 2 SYSTEMPATH\CodeIgniter.php(934): App\Controllers\AccessController->index()
 3 SYSTEMPATH\CodeIgniter.php(499): CodeIgniter\CodeIgniter->runController()
 4 SYSTEMPATH\CodeIgniter.php(368): CodeIgniter\CodeIgniter->handleRequest()
 5 FCPATH\index.php(67): CodeIgniter\CodeIgniter->run()
 6 SYSTEMPATH\Commands\Server\rewrite.php(47): require_once('FCPATH\\index.php')
CRITICAL - 2023-01-31 01:52:59 --> Cannot use object of type stdClass as array
in APPPATH\Controllers\AccessController.php on line 46.
 1 APPPATH\Controllers\AccessController.php(42): App\Controllers\AccessController->probando()
 2 SYSTEMPATH\CodeIgniter.php(934): App\Controllers\AccessController->index()
 3 SYSTEMPATH\CodeIgniter.php(499): CodeIgniter\CodeIgniter->runController()
 4 SYSTEMPATH\CodeIgniter.php(368): CodeIgniter\CodeIgniter->handleRequest()
 5 FCPATH\index.php(67): CodeIgniter\CodeIgniter->run()
 6 SYSTEMPATH\Commands\Server\rewrite.php(47): require_once('FCPATH\\index.php')
CRITICAL - 2023-01-31 01:53:27 --> Cannot use object of type stdClass as array
in APPPATH\Controllers\AccessController.php on line 46.
 1 APPPATH\Controllers\AccessController.php(42): App\Controllers\AccessController->probando()
 2 SYSTEMPATH\CodeIgniter.php(934): App\Controllers\AccessController->index()
 3 SYSTEMPATH\CodeIgniter.php(499): CodeIgniter\CodeIgniter->runController()
 4 SYSTEMPATH\CodeIgniter.php(368): CodeIgniter\CodeIgniter->handleRequest()
 5 FCPATH\index.php(67): CodeIgniter\CodeIgniter->run()
 6 SYSTEMPATH\Commands\Server\rewrite.php(47): require_once('FCPATH\\index.php')
CRITICAL - 2023-01-31 01:53:49 --> Cannot use object of type stdClass as array
in APPPATH\Controllers\AccessController.php on line 46.
 1 APPPATH\Controllers\AccessController.php(42): App\Controllers\AccessController->probando()
 2 SYSTEMPATH\CodeIgniter.php(934): App\Controllers\AccessController->index()
 3 SYSTEMPATH\CodeIgniter.php(499): CodeIgniter\CodeIgniter->runController()
 4 SYSTEMPATH\CodeIgniter.php(368): CodeIgniter\CodeIgniter->handleRequest()
 5 FCPATH\index.php(67): CodeIgniter\CodeIgniter->run()
 6 SYSTEMPATH\Commands\Server\rewrite.php(47): require_once('FCPATH\\index.php')
ERROR - 2023-01-31 17:29:21 --> Error connecting to the database: Error: Call to undefined function CodeIgniter\Database\Postgre\pg_connect() in D:\Estudio\solutoriaTest\system\Database\Postgre\Connection.php:75
Stack trace:
#0 D:\Estudio\solutoriaTest\system\Database\BaseConnection.php(391): CodeIgniter\Database\Postgre\Connection->connect()
#1 D:\Estudio\solutoriaTest\system\Database\BaseConnection.php(573): CodeIgniter\Database\BaseConnection->initialize()
#2 D:\Estudio\solutoriaTest\system\Database\BaseConnection.php(1408): CodeIgniter\Database\BaseConnection->query()
#3 D:\Estudio\solutoriaTest\system\Database\BaseConnection.php(1427): CodeIgniter\Database\BaseConnection->listTables()
#4 D:\Estudio\solutoriaTest\system\Database\MigrationRunner.php(768): CodeIgniter\Database\BaseConnection->tableExists()
#5 D:\Estudio\solutoriaTest\system\Database\MigrationRunner.php(168): CodeIgniter\Database\MigrationRunner->ensureTable()
#6 D:\Estudio\solutoriaTest\system\Commands\Database\Migrate.php(84): CodeIgniter\Database\MigrationRunner->latest()
#7 D:\Estudio\solutoriaTest\system\CLI\Commands.php(65): CodeIgniter\Commands\Database\Migrate->run()
#8 D:\Estudio\solutoriaTest\system\CLI\Console.php(37): CodeIgniter\CLI\Commands->run()
#9 D:\Estudio\solutoriaTest\spark(97): CodeIgniter\CLI\Console->run()
#10 {main}
ERROR - 2023-01-31 17:32:27 --> Error connecting to the database: Error: Call to undefined function CodeIgniter\Database\Postgre\pg_connect() in D:\Estudio\solutoriaTest\system\Database\Postgre\Connection.php:75
Stack trace:
#0 D:\Estudio\solutoriaTest\system\Database\BaseConnection.php(391): CodeIgniter\Database\Postgre\Connection->connect()
#1 D:\Estudio\solutoriaTest\system\Database\BaseConnection.php(573): CodeIgniter\Database\BaseConnection->initialize()
#2 D:\Estudio\solutoriaTest\system\Database\BaseConnection.php(1408): CodeIgniter\Database\BaseConnection->query()
#3 D:\Estudio\solutoriaTest\system\Database\BaseConnection.php(1427): CodeIgniter\Database\BaseConnection->listTables()
#4 D:\Estudio\solutoriaTest\system\Database\MigrationRunner.php(768): CodeIgniter\Database\BaseConnection->tableExists()
#5 D:\Estudio\solutoriaTest\system\Database\MigrationRunner.php(168): CodeIgniter\Database\MigrationRunner->ensureTable()
#6 D:\Estudio\solutoriaTest\system\Commands\Database\Migrate.php(84): CodeIgniter\Database\MigrationRunner->latest()
#7 D:\Estudio\solutoriaTest\system\CLI\Commands.php(65): CodeIgniter\Commands\Database\Migrate->run()
#8 D:\Estudio\solutoriaTest\system\CLI\Console.php(37): CodeIgniter\CLI\Commands->run()
#9 D:\Estudio\solutoriaTest\spark(97): CodeIgniter\CLI\Console->run()
#10 {main}
ERROR - 2023-01-31 17:32:53 --> Error connecting to the database: Error: Call to undefined function CodeIgniter\Database\Postgre\pg_connect() in D:\Estudio\solutoriaTest\system\Database\Postgre\Connection.php:75
Stack trace:
#0 D:\Estudio\solutoriaTest\system\Database\BaseConnection.php(391): CodeIgniter\Database\Postgre\Connection->connect()
#1 D:\Estudio\solutoriaTest\system\Database\BaseConnection.php(573): CodeIgniter\Database\BaseConnection->initialize()
#2 D:\Estudio\solutoriaTest\system\Database\BaseConnection.php(1408): CodeIgniter\Database\BaseConnection->query()
#3 D:\Estudio\solutoriaTest\system\Database\BaseConnection.php(1427): CodeIgniter\Database\BaseConnection->listTables()
#4 D:\Estudio\solutoriaTest\system\Database\MigrationRunner.php(768): CodeIgniter\Database\BaseConnection->tableExists()
#5 D:\Estudio\solutoriaTest\system\Database\MigrationRunner.php(168): CodeIgniter\Database\MigrationRunner->ensureTable()
#6 D:\Estudio\solutoriaTest\system\Commands\Database\Migrate.php(84): CodeIgniter\Database\MigrationRunner->latest()
#7 D:\Estudio\solutoriaTest\system\CLI\Commands.php(65): CodeIgniter\Commands\Database\Migrate->run()
#8 D:\Estudio\solutoriaTest\system\CLI\Console.php(37): CodeIgniter\CLI\Commands->run()
#9 D:\Estudio\solutoriaTest\spark(97): CodeIgniter\CLI\Console->run()
#10 {main}
ERROR - 2023-01-31 17:34:06 --> Error connecting to the database: Error: Call to undefined function CodeIgniter\Database\Postgre\pg_connect() in D:\Estudio\solutoriaTest\system\Database\Postgre\Connection.php:75
Stack trace:
#0 D:\Estudio\solutoriaTest\system\Database\BaseConnection.php(391): CodeIgniter\Database\Postgre\Connection->connect()
#1 D:\Estudio\solutoriaTest\system\Database\BaseConnection.php(573): CodeIgniter\Database\BaseConnection->initialize()
#2 D:\Estudio\solutoriaTest\system\Database\BaseConnection.php(1408): CodeIgniter\Database\BaseConnection->query()
#3 D:\Estudio\solutoriaTest\system\Database\BaseConnection.php(1427): CodeIgniter\Database\BaseConnection->listTables()
#4 D:\Estudio\solutoriaTest\system\Database\MigrationRunner.php(768): CodeIgniter\Database\BaseConnection->tableExists()
#5 D:\Estudio\solutoriaTest\system\Database\MigrationRunner.php(168): CodeIgniter\Database\MigrationRunner->ensureTable()
#6 D:\Estudio\solutoriaTest\system\Commands\Database\Migrate.php(84): CodeIgniter\Database\MigrationRunner->latest()
#7 D:\Estudio\solutoriaTest\system\CLI\Commands.php(65): CodeIgniter\Commands\Database\Migrate->run()
#8 D:\Estudio\solutoriaTest\system\CLI\Console.php(37): CodeIgniter\CLI\Commands->run()
#9 D:\Estudio\solutoriaTest\spark(97): CodeIgniter\CLI\Console->run()
#10 {main}
ERROR - 2023-01-31 17:36:55 --> Error connecting to the database: Error: Call to undefined function CodeIgniter\Database\Postgre\pg_connect() in D:\Estudio\solutoriaTest\system\Database\Postgre\Connection.php:75
Stack trace:
#0 D:\Estudio\solutoriaTest\system\Database\BaseConnection.php(391): CodeIgniter\Database\Postgre\Connection->connect()
#1 D:\Estudio\solutoriaTest\system\Database\BaseConnection.php(573): CodeIgniter\Database\BaseConnection->initialize()
#2 D:\Estudio\solutoriaTest\system\Database\BaseConnection.php(1408): CodeIgniter\Database\BaseConnection->query()
#3 D:\Estudio\solutoriaTest\system\Database\BaseConnection.php(1427): CodeIgniter\Database\BaseConnection->listTables()
#4 D:\Estudio\solutoriaTest\system\Database\MigrationRunner.php(768): CodeIgniter\Database\BaseConnection->tableExists()
#5 D:\Estudio\solutoriaTest\system\Database\MigrationRunner.php(168): CodeIgniter\Database\MigrationRunner->ensureTable()
#6 D:\Estudio\solutoriaTest\system\Commands\Database\Migrate.php(84): CodeIgniter\Database\MigrationRunner->latest()
#7 D:\Estudio\solutoriaTest\system\CLI\Commands.php(65): CodeIgniter\Commands\Database\Migrate->run()
#8 D:\Estudio\solutoriaTest\system\CLI\Console.php(37): CodeIgniter\CLI\Commands->run()
#9 D:\Estudio\solutoriaTest\spark(97): CodeIgniter\CLI\Console->run()
#10 {main}
ERROR - 2023-01-31 17:42:14 --> Error connecting to the database: ErrorException: pg_connect(): Unable to connect to PostgreSQL server: received invalid response to SSL negotiation: J in D:\Estudio\solutoriaTest\system\Database\Postgre\Connection.php:75
Stack trace:
#0 [internal function]: CodeIgniter\Debug\Exceptions->errorHandler()
#1 D:\Estudio\solutoriaTest\system\Database\Postgre\Connection.php(75): pg_connect()
#2 D:\Estudio\solutoriaTest\system\Database\BaseConnection.php(391): CodeIgniter\Database\Postgre\Connection->connect()
#3 D:\Estudio\solutoriaTest\system\Database\BaseConnection.php(573): CodeIgniter\Database\BaseConnection->initialize()
#4 D:\Estudio\solutoriaTest\system\Database\BaseConnection.php(1408): CodeIgniter\Database\BaseConnection->query()
#5 D:\Estudio\solutoriaTest\system\Database\BaseConnection.php(1427): CodeIgniter\Database\BaseConnection->listTables()
#6 D:\Estudio\solutoriaTest\system\Database\MigrationRunner.php(768): CodeIgniter\Database\BaseConnection->tableExists()
#7 D:\Estudio\solutoriaTest\system\Database\MigrationRunner.php(168): CodeIgniter\Database\MigrationRunner->ensureTable()
#8 D:\Estudio\solutoriaTest\system\Commands\Database\Migrate.php(84): CodeIgniter\Database\MigrationRunner->latest()
#9 D:\Estudio\solutoriaTest\system\CLI\Commands.php(65): CodeIgniter\Commands\Database\Migrate->run()
#10 D:\Estudio\solutoriaTest\system\CLI\Console.php(37): CodeIgniter\CLI\Commands->run()
#11 D:\Estudio\solutoriaTest\spark(97): CodeIgniter\CLI\Console->run()
#12 {main}
ERROR - 2023-01-31 17:44:34 --> Error connecting to the database: ErrorException: pg_connect(): Unable to connect to PostgreSQL server: received invalid response to SSL negotiation: J in D:\Estudio\solutoriaTest\system\Database\Postgre\Connection.php:75
Stack trace:
#0 [internal function]: CodeIgniter\Debug\Exceptions->errorHandler()
#1 D:\Estudio\solutoriaTest\system\Database\Postgre\Connection.php(75): pg_connect()
#2 D:\Estudio\solutoriaTest\system\Database\BaseConnection.php(391): CodeIgniter\Database\Postgre\Connection->connect()
#3 D:\Estudio\solutoriaTest\system\Database\BaseConnection.php(573): CodeIgniter\Database\BaseConnection->initialize()
#4 D:\Estudio\solutoriaTest\system\Database\BaseConnection.php(1408): CodeIgniter\Database\BaseConnection->query()
#5 D:\Estudio\solutoriaTest\system\Database\BaseConnection.php(1427): CodeIgniter\Database\BaseConnection->listTables()
#6 D:\Estudio\solutoriaTest\system\Database\MigrationRunner.php(768): CodeIgniter\Database\BaseConnection->tableExists()
#7 D:\Estudio\solutoriaTest\system\Database\MigrationRunner.php(168): CodeIgniter\Database\MigrationRunner->ensureTable()
#8 D:\Estudio\solutoriaTest\system\Commands\Database\Migrate.php(84): CodeIgniter\Database\MigrationRunner->latest()
#9 D:\Estudio\solutoriaTest\system\CLI\Commands.php(65): CodeIgniter\Commands\Database\Migrate->run()
#10 D:\Estudio\solutoriaTest\system\CLI\Console.php(37): CodeIgniter\CLI\Commands->run()
#11 D:\Estudio\solutoriaTest\spark(97): CodeIgniter\CLI\Console->run()
#12 {main}
ERROR - 2023-01-31 17:45:26 --> Error connecting to the database: ErrorException: pg_connect(): Unable to connect to PostgreSQL server: received invalid response to SSL negotiation: J in D:\Estudio\solutoriaTest\system\Database\Postgre\Connection.php:75
Stack trace:
#0 [internal function]: CodeIgniter\Debug\Exceptions->errorHandler()
#1 D:\Estudio\solutoriaTest\system\Database\Postgre\Connection.php(75): pg_connect()
#2 D:\Estudio\solutoriaTest\system\Database\BaseConnection.php(391): CodeIgniter\Database\Postgre\Connection->connect()
#3 D:\Estudio\solutoriaTest\system\Database\BaseConnection.php(573): CodeIgniter\Database\BaseConnection->initialize()
#4 D:\Estudio\solutoriaTest\system\Database\BaseConnection.php(1408): CodeIgniter\Database\BaseConnection->query()
#5 D:\Estudio\solutoriaTest\system\Database\BaseConnection.php(1427): CodeIgniter\Database\BaseConnection->listTables()
#6 D:\Estudio\solutoriaTest\system\Database\MigrationRunner.php(768): CodeIgniter\Database\BaseConnection->tableExists()
#7 D:\Estudio\solutoriaTest\system\Database\MigrationRunner.php(168): CodeIgniter\Database\MigrationRunner->ensureTable()
#8 D:\Estudio\solutoriaTest\system\Commands\Database\Migrate.php(84): CodeIgniter\Database\MigrationRunner->latest()
#9 D:\Estudio\solutoriaTest\system\CLI\Commands.php(65): CodeIgniter\Commands\Database\Migrate->run()
#10 D:\Estudio\solutoriaTest\system\CLI\Console.php(37): CodeIgniter\CLI\Commands->run()
#11 D:\Estudio\solutoriaTest\spark(97): CodeIgniter\CLI\Console->run()
#12 {main}
ERROR - 2023-01-31 17:46:30 --> Error connecting to the database: ErrorException: pg_connect(): Unable to connect to PostgreSQL server: received invalid response to SSL negotiation: J in D:\Estudio\solutoriaTest\system\Database\Postgre\Connection.php:75
Stack trace:
#0 [internal function]: CodeIgniter\Debug\Exceptions->errorHandler()
#1 D:\Estudio\solutoriaTest\system\Database\Postgre\Connection.php(75): pg_connect()
#2 D:\Estudio\solutoriaTest\system\Database\BaseConnection.php(391): CodeIgniter\Database\Postgre\Connection->connect()
#3 D:\Estudio\solutoriaTest\system\Database\BaseConnection.php(573): CodeIgniter\Database\BaseConnection->initialize()
#4 D:\Estudio\solutoriaTest\system\Database\BaseConnection.php(1408): CodeIgniter\Database\BaseConnection->query()
#5 D:\Estudio\solutoriaTest\system\Database\BaseConnection.php(1427): CodeIgniter\Database\BaseConnection->listTables()
#6 D:\Estudio\solutoriaTest\system\Database\MigrationRunner.php(768): CodeIgniter\Database\BaseConnection->tableExists()
#7 D:\Estudio\solutoriaTest\system\Database\MigrationRunner.php(168): CodeIgniter\Database\MigrationRunner->ensureTable()
#8 D:\Estudio\solutoriaTest\system\Commands\Database\Migrate.php(84): CodeIgniter\Database\MigrationRunner->latest()
#9 D:\Estudio\solutoriaTest\system\CLI\Commands.php(65): CodeIgniter\Commands\Database\Migrate->run()
#10 D:\Estudio\solutoriaTest\system\CLI\Console.php(37): CodeIgniter\CLI\Commands->run()
#11 D:\Estudio\solutoriaTest\spark(97): CodeIgniter\CLI\Console->run()
#12 {main}
ERROR - 2023-01-31 17:55:02 --> Error connecting to the database: ErrorException: pg_connect(): Unable to connect to PostgreSQL server: received invalid response to SSL negotiation: J in D:\Estudio\solutoriaTest\system\Database\Postgre\Connection.php:75
Stack trace:
#0 [internal function]: CodeIgniter\Debug\Exceptions->errorHandler()
#1 D:\Estudio\solutoriaTest\system\Database\Postgre\Connection.php(75): pg_connect()
#2 D:\Estudio\solutoriaTest\system\Database\BaseConnection.php(391): CodeIgniter\Database\Postgre\Connection->connect()
#3 D:\Estudio\solutoriaTest\system\Database\BaseConnection.php(573): CodeIgniter\Database\BaseConnection->initialize()
#4 D:\Estudio\solutoriaTest\system\Database\BaseConnection.php(1408): CodeIgniter\Database\BaseConnection->query()
#5 D:\Estudio\solutoriaTest\system\Database\BaseConnection.php(1427): CodeIgniter\Database\BaseConnection->listTables()
#6 D:\Estudio\solutoriaTest\system\Database\MigrationRunner.php(768): CodeIgniter\Database\BaseConnection->tableExists()
#7 D:\Estudio\solutoriaTest\system\Database\MigrationRunner.php(168): CodeIgniter\Database\MigrationRunner->ensureTable()
#8 D:\Estudio\solutoriaTest\system\Commands\Database\Migrate.php(84): CodeIgniter\Database\MigrationRunner->latest()
#9 D:\Estudio\solutoriaTest\system\CLI\Commands.php(65): CodeIgniter\Commands\Database\Migrate->run()
#10 D:\Estudio\solutoriaTest\system\CLI\Console.php(37): CodeIgniter\CLI\Commands->run()
#11 D:\Estudio\solutoriaTest\spark(97): CodeIgniter\CLI\Console->run()
#12 {main}
CRITICAL - 2023-01-31 19:14:09 --> syntax error, unexpected token "}"
in APPPATH\Controllers\AccessController.php on line 76.
 1 SYSTEMPATH\Autoloader\Autoloader.php(289): CodeIgniter\Autoloader\Autoloader->includeFile()
 2 SYSTEMPATH\Autoloader\Autoloader.php(267): CodeIgniter\Autoloader\Autoloader->loadInNamespace()
 3 [internal function]: CodeIgniter\Autoloader\Autoloader->loadClass()
 4 SYSTEMPATH\CodeIgniter.php(892): class_exists()
 5 SYSTEMPATH\CodeIgniter.php(486): CodeIgniter\CodeIgniter->startController()
 6 SYSTEMPATH\CodeIgniter.php(368): CodeIgniter\CodeIgniter->handleRequest()
 7 FCPATH\index.php(67): CodeIgniter\CodeIgniter->run()
 8 SYSTEMPATH\Commands\Server\rewrite.php(47): require_once('FCPATH\\index.php')
CRITICAL - 2023-01-31 19:53:23 --> CodeIgniter\BaseModel::insertBatch(): Argument #1 ($set) must be of type ?array, string given, called in D:\Estudio\solutoriaTest\app\Models\Indicadores.php on line 45
in SYSTEMPATH\BaseModel.php on line 818.
 1 APPPATH\Models\Indicadores.php(45): CodeIgniter\BaseModel->insertBatch()
 2 APPPATH\Controllers\AccessController.php(78): App\Models\Indicadores->insertData()
 3 APPPATH\Controllers\AccessController.php(41): App\Controllers\AccessController->getData()
 4 SYSTEMPATH\CodeIgniter.php(934): App\Controllers\AccessController->index()
 5 SYSTEMPATH\CodeIgniter.php(499): CodeIgniter\CodeIgniter->runController()
 6 SYSTEMPATH\CodeIgniter.php(368): CodeIgniter\CodeIgniter->handleRequest()
 7 FCPATH\index.php(67): CodeIgniter\CodeIgniter->run()
 8 SYSTEMPATH\Commands\Server\rewrite.php(47): require_once('FCPATH\\index.php')
ERROR - 2023-01-31 20:00:22 --> Error connecting to the database: Error: Call to undefined function CodeIgniter\Database\Postgre\pg_connect() in D:\Estudio\solutoriaTest\system\Database\Postgre\Connection.php:75
Stack trace:
#0 D:\Estudio\solutoriaTest\system\Database\BaseConnection.php(391): CodeIgniter\Database\Postgre\Connection->connect()
#1 D:\Estudio\solutoriaTest\system\Database\Postgre\Connection.php(188): CodeIgniter\Database\BaseConnection->initialize()
#2 D:\Estudio\solutoriaTest\system\Database\BaseBuilder.php(1845): CodeIgniter\Database\Postgre\Connection->escape()
#3 D:\Estudio\solutoriaTest\system\Database\BaseBuilder.php(2175): CodeIgniter\Database\BaseBuilder->setData()
#4 D:\Estudio\solutoriaTest\system\Model.php(363): CodeIgniter\Database\BaseBuilder->insertBatch()
#5 D:\Estudio\solutoriaTest\system\BaseModel.php(874): CodeIgniter\Model->doInsertBatch()
#6 D:\Estudio\solutoriaTest\app\Models\Indicadores.php(45): CodeIgniter\BaseModel->insertBatch()
#7 D:\Estudio\solutoriaTest\app\Controllers\AccessController.php(78): App\Models\Indicadores->insertData()
#8 D:\Estudio\solutoriaTest\app\Controllers\AccessController.php(41): App\Controllers\AccessController->getData()
#9 D:\Estudio\solutoriaTest\system\CodeIgniter.php(934): App\Controllers\AccessController->index()
#10 D:\Estudio\solutoriaTest\system\CodeIgniter.php(499): CodeIgniter\CodeIgniter->runController()
#11 D:\Estudio\solutoriaTest\system\CodeIgniter.php(368): CodeIgniter\CodeIgniter->handleRequest()
#12 D:\Estudio\solutoriaTest\public\index.php(67): CodeIgniter\CodeIgniter->run()
#13 D:\Estudio\solutoriaTest\system\Commands\Server\rewrite.php(47): require_once('...')
#14 {main}
CRITICAL - 2023-01-31 20:00:22 --> Unable to connect to the database.
Main connection [postgre]: Call to undefined function CodeIgniter\Database\Postgre\pg_connect()
in SYSTEMPATH\Database\BaseConnection.php on line 427.
 1 SYSTEMPATH\Database\Postgre\Connection.php(188): CodeIgniter\Database\BaseConnection->initialize()
 2 SYSTEMPATH\Database\BaseBuilder.php(1845): CodeIgniter\Database\Postgre\Connection->escape()
 3 SYSTEMPATH\Database\BaseBuilder.php(2175): CodeIgniter\Database\BaseBuilder->setData()
 4 SYSTEMPATH\Model.php(363): CodeIgniter\Database\BaseBuilder->insertBatch()
 5 SYSTEMPATH\BaseModel.php(874): CodeIgniter\Model->doInsertBatch()
 6 APPPATH\Models\Indicadores.php(45): CodeIgniter\BaseModel->insertBatch()
 7 APPPATH\Controllers\AccessController.php(78): App\Models\Indicadores->insertData()
 8 APPPATH\Controllers\AccessController.php(41): App\Controllers\AccessController->getData()
 9 SYSTEMPATH\CodeIgniter.php(934): App\Controllers\AccessController->index()
10 SYSTEMPATH\CodeIgniter.php(499): CodeIgniter\CodeIgniter->runController()
11 SYSTEMPATH\CodeIgniter.php(368): CodeIgniter\CodeIgniter->handleRequest()
12 FCPATH\index.php(67): CodeIgniter\CodeIgniter->run()
13 SYSTEMPATH\Commands\Server\rewrite.php(47): require_once('FCPATH\\index.php')
ERROR - 2023-01-31 20:01:22 --> Error connecting to the database: Error: Call to undefined function CodeIgniter\Database\Postgre\pg_connect() in D:\Estudio\solutoriaTest\system\Database\Postgre\Connection.php:75
Stack trace:
#0 D:\Estudio\solutoriaTest\system\Database\BaseConnection.php(391): CodeIgniter\Database\Postgre\Connection->connect()
#1 D:\Estudio\solutoriaTest\system\Database\Postgre\Connection.php(188): CodeIgniter\Database\BaseConnection->initialize()
#2 D:\Estudio\solutoriaTest\system\Database\BaseBuilder.php(1845): CodeIgniter\Database\Postgre\Connection->escape()
#3 D:\Estudio\solutoriaTest\system\Database\BaseBuilder.php(2175): CodeIgniter\Database\BaseBuilder->setData()
#4 D:\Estudio\solutoriaTest\system\Model.php(363): CodeIgniter\Database\BaseBuilder->insertBatch()
#5 D:\Estudio\solutoriaTest\system\BaseModel.php(874): CodeIgniter\Model->doInsertBatch()
#6 D:\Estudio\solutoriaTest\app\Models\Indicadores.php(47): CodeIgniter\BaseModel->insertBatch()
#7 D:\Estudio\solutoriaTest\app\Controllers\AccessController.php(78): App\Models\Indicadores->insertData()
#8 D:\Estudio\solutoriaTest\app\Controllers\AccessController.php(41): App\Controllers\AccessController->getData()
#9 D:\Estudio\solutoriaTest\system\CodeIgniter.php(934): App\Controllers\AccessController->index()
#10 D:\Estudio\solutoriaTest\system\CodeIgniter.php(499): CodeIgniter\CodeIgniter->runController()
#11 D:\Estudio\solutoriaTest\system\CodeIgniter.php(368): CodeIgniter\CodeIgniter->handleRequest()
#12 D:\Estudio\solutoriaTest\public\index.php(67): CodeIgniter\CodeIgniter->run()
#13 D:\Estudio\solutoriaTest\system\Commands\Server\rewrite.php(47): require_once('...')
#14 {main}
CRITICAL - 2023-01-31 20:01:22 --> Unable to connect to the database.
Main connection [postgre]: Call to undefined function CodeIgniter\Database\Postgre\pg_connect()
in SYSTEMPATH\Database\BaseConnection.php on line 427.
 1 SYSTEMPATH\Database\Postgre\Connection.php(188): CodeIgniter\Database\BaseConnection->initialize()
 2 SYSTEMPATH\Database\BaseBuilder.php(1845): CodeIgniter\Database\Postgre\Connection->escape()
 3 SYSTEMPATH\Database\BaseBuilder.php(2175): CodeIgniter\Database\BaseBuilder->setData()
 4 SYSTEMPATH\Model.php(363): CodeIgniter\Database\BaseBuilder->insertBatch()
 5 SYSTEMPATH\BaseModel.php(874): CodeIgniter\Model->doInsertBatch()
 6 APPPATH\Models\Indicadores.php(47): CodeIgniter\BaseModel->insertBatch()
 7 APPPATH\Controllers\AccessController.php(78): App\Models\Indicadores->insertData()
 8 APPPATH\Controllers\AccessController.php(41): App\Controllers\AccessController->getData()
 9 SYSTEMPATH\CodeIgniter.php(934): App\Controllers\AccessController->index()
10 SYSTEMPATH\CodeIgniter.php(499): CodeIgniter\CodeIgniter->runController()
11 SYSTEMPATH\CodeIgniter.php(368): CodeIgniter\CodeIgniter->handleRequest()
12 FCPATH\index.php(67): CodeIgniter\CodeIgniter->run()
13 SYSTEMPATH\Commands\Server\rewrite.php(47): require_once('FCPATH\\index.php')
ERROR - 2023-01-31 20:10:31 --> Error connecting to the database: Error: Call to undefined function CodeIgniter\Database\Postgre\pg_connect() in D:\Estudio\solutoriaTest\system\Database\Postgre\Connection.php:75
Stack trace:
#0 D:\Estudio\solutoriaTest\system\Database\BaseConnection.php(391): CodeIgniter\Database\Postgre\Connection->connect()
#1 D:\Estudio\solutoriaTest\system\Database\Postgre\Connection.php(188): CodeIgniter\Database\BaseConnection->initialize()
#2 D:\Estudio\solutoriaTest\system\Database\BaseBuilder.php(1845): CodeIgniter\Database\Postgre\Connection->escape()
#3 D:\Estudio\solutoriaTest\system\Database\BaseBuilder.php(2175): CodeIgniter\Database\BaseBuilder->setData()
#4 D:\Estudio\solutoriaTest\system\Model.php(363): CodeIgniter\Database\BaseBuilder->insertBatch()
#5 D:\Estudio\solutoriaTest\system\BaseModel.php(874): CodeIgniter\Model->doInsertBatch()
#6 D:\Estudio\solutoriaTest\app\Models\Indicadores.php(47): CodeIgniter\BaseModel->insertBatch()
#7 D:\Estudio\solutoriaTest\app\Controllers\AccessController.php(78): App\Models\Indicadores->insertData()
#8 D:\Estudio\solutoriaTest\app\Controllers\AccessController.php(41): App\Controllers\AccessController->getData()
#9 D:\Estudio\solutoriaTest\system\CodeIgniter.php(934): App\Controllers\AccessController->index()
#10 D:\Estudio\solutoriaTest\system\CodeIgniter.php(499): CodeIgniter\CodeIgniter->runController()
#11 D:\Estudio\solutoriaTest\system\CodeIgniter.php(368): CodeIgniter\CodeIgniter->handleRequest()
#12 D:\Estudio\solutoriaTest\public\index.php(67): CodeIgniter\CodeIgniter->run()
#13 D:\Estudio\solutoriaTest\system\Commands\Server\rewrite.php(47): require_once('...')
#14 {main}
CRITICAL - 2023-01-31 20:10:31 --> Unable to connect to the database.
Main connection [postgre]: Call to undefined function CodeIgniter\Database\Postgre\pg_connect()
in SYSTEMPATH\Database\BaseConnection.php on line 427.
 1 SYSTEMPATH\Database\Postgre\Connection.php(188): CodeIgniter\Database\BaseConnection->initialize()
 2 SYSTEMPATH\Database\BaseBuilder.php(1845): CodeIgniter\Database\Postgre\Connection->escape()
 3 SYSTEMPATH\Database\BaseBuilder.php(2175): CodeIgniter\Database\BaseBuilder->setData()
 4 SYSTEMPATH\Model.php(363): CodeIgniter\Database\BaseBuilder->insertBatch()
 5 SYSTEMPATH\BaseModel.php(874): CodeIgniter\Model->doInsertBatch()
 6 APPPATH\Models\Indicadores.php(47): CodeIgniter\BaseModel->insertBatch()
 7 APPPATH\Controllers\AccessController.php(78): App\Models\Indicadores->insertData()
 8 APPPATH\Controllers\AccessController.php(41): App\Controllers\AccessController->getData()
 9 SYSTEMPATH\CodeIgniter.php(934): App\Controllers\AccessController->index()
10 SYSTEMPATH\CodeIgniter.php(499): CodeIgniter\CodeIgniter->runController()
11 SYSTEMPATH\CodeIgniter.php(368): CodeIgniter\CodeIgniter->handleRequest()
12 FCPATH\index.php(67): CodeIgniter\CodeIgniter->run()
13 SYSTEMPATH\Commands\Server\rewrite.php(47): require_once('FCPATH\\index.php')
ERROR - 2023-01-31 20:11:39 --> Error connecting to the database: Error: Call to undefined function CodeIgniter\Database\Postgre\pg_connect() in D:\Estudio\solutoriaTest\system\Database\Postgre\Connection.php:75
Stack trace:
#0 D:\Estudio\solutoriaTest\system\Database\BaseConnection.php(391): CodeIgniter\Database\Postgre\Connection->connect()
#1 D:\Estudio\solutoriaTest\system\Database\Postgre\Connection.php(188): CodeIgniter\Database\BaseConnection->initialize()
#2 D:\Estudio\solutoriaTest\system\Database\BaseBuilder.php(1845): CodeIgniter\Database\Postgre\Connection->escape()
#3 D:\Estudio\solutoriaTest\system\Database\BaseBuilder.php(2175): CodeIgniter\Database\BaseBuilder->setData()
#4 D:\Estudio\solutoriaTest\system\Model.php(363): CodeIgniter\Database\BaseBuilder->insertBatch()
#5 D:\Estudio\solutoriaTest\system\BaseModel.php(874): CodeIgniter\Model->doInsertBatch()
#6 D:\Estudio\solutoriaTest\app\Models\Indicadores.php(23): CodeIgniter\BaseModel->insertBatch()
#7 D:\Estudio\solutoriaTest\app\Controllers\AccessController.php(78): App\Models\Indicadores->insertData()
#8 D:\Estudio\solutoriaTest\app\Controllers\AccessController.php(41): App\Controllers\AccessController->getData()
#9 D:\Estudio\solutoriaTest\system\CodeIgniter.php(934): App\Controllers\AccessController->index()
#10 D:\Estudio\solutoriaTest\system\CodeIgniter.php(499): CodeIgniter\CodeIgniter->runController()
#11 D:\Estudio\solutoriaTest\system\CodeIgniter.php(368): CodeIgniter\CodeIgniter->handleRequest()
#12 D:\Estudio\solutoriaTest\public\index.php(67): CodeIgniter\CodeIgniter->run()
#13 D:\Estudio\solutoriaTest\system\Commands\Server\rewrite.php(47): require_once('...')
#14 {main}
CRITICAL - 2023-01-31 20:11:39 --> Unable to connect to the database.
Main connection [postgre]: Call to undefined function CodeIgniter\Database\Postgre\pg_connect()
in SYSTEMPATH\Database\BaseConnection.php on line 427.
 1 SYSTEMPATH\Database\Postgre\Connection.php(188): CodeIgniter\Database\BaseConnection->initialize()
 2 SYSTEMPATH\Database\BaseBuilder.php(1845): CodeIgniter\Database\Postgre\Connection->escape()
 3 SYSTEMPATH\Database\BaseBuilder.php(2175): CodeIgniter\Database\BaseBuilder->setData()
 4 SYSTEMPATH\Model.php(363): CodeIgniter\Database\BaseBuilder->insertBatch()
 5 SYSTEMPATH\BaseModel.php(874): CodeIgniter\Model->doInsertBatch()
 6 APPPATH\Models\Indicadores.php(23): CodeIgniter\BaseModel->insertBatch()
 7 APPPATH\Controllers\AccessController.php(78): App\Models\Indicadores->insertData()
 8 APPPATH\Controllers\AccessController.php(41): App\Controllers\AccessController->getData()
 9 SYSTEMPATH\CodeIgniter.php(934): App\Controllers\AccessController->index()
10 SYSTEMPATH\CodeIgniter.php(499): CodeIgniter\CodeIgniter->runController()
11 SYSTEMPATH\CodeIgniter.php(368): CodeIgniter\CodeIgniter->handleRequest()
12 FCPATH\index.php(67): CodeIgniter\CodeIgniter->run()
13 SYSTEMPATH\Commands\Server\rewrite.php(47): require_once('FCPATH\\index.php')
CRITICAL - 2023-01-31 20:14:08 --> Array to string conversion
in APPPATH\Controllers\AccessController.php on line 77.
 1 APPPATH\Controllers\AccessController.php(77): CodeIgniter\Debug\Exceptions->errorHandler()
 2 APPPATH\Controllers\AccessController.php(41): App\Controllers\AccessController->getData()
 3 SYSTEMPATH\CodeIgniter.php(934): App\Controllers\AccessController->index()
 4 SYSTEMPATH\CodeIgniter.php(499): CodeIgniter\CodeIgniter->runController()
 5 SYSTEMPATH\CodeIgniter.php(368): CodeIgniter\CodeIgniter->handleRequest()
 6 FCPATH\index.php(67): CodeIgniter\CodeIgniter->run()
 7 SYSTEMPATH\Commands\Server\rewrite.php(47): require_once('FCPATH\\index.php')
CRITICAL - 2023-01-31 20:15:33 --> Array to string conversion
in APPPATH\Controllers\AccessController.php on line 77.
 1 APPPATH\Controllers\AccessController.php(77): CodeIgniter\Debug\Exceptions->errorHandler()
 2 APPPATH\Controllers\AccessController.php(41): App\Controllers\AccessController->getData()
 3 SYSTEMPATH\CodeIgniter.php(934): App\Controllers\AccessController->index()
 4 SYSTEMPATH\CodeIgniter.php(499): CodeIgniter\CodeIgniter->runController()
 5 SYSTEMPATH\CodeIgniter.php(368): CodeIgniter\CodeIgniter->handleRequest()
 6 FCPATH\index.php(67): CodeIgniter\CodeIgniter->run()
 7 SYSTEMPATH\Commands\Server\rewrite.php(47): require_once('FCPATH\\index.php')
ERROR - 2023-01-31 20:23:50 --> Error connecting to the database: Error: Call to undefined function CodeIgniter\Database\Postgre\pg_connect() in D:\Estudio\solutoriaTest\system\Database\Postgre\Connection.php:75
Stack trace:
#0 D:\Estudio\solutoriaTest\system\Database\BaseConnection.php(391): CodeIgniter\Database\Postgre\Connection->connect()
#1 D:\Estudio\solutoriaTest\system\Database\Postgre\Connection.php(188): CodeIgniter\Database\BaseConnection->initialize()
#2 D:\Estudio\solutoriaTest\system\Database\BaseBuilder.php(1845): CodeIgniter\Database\Postgre\Connection->escape()
#3 D:\Estudio\solutoriaTest\system\Database\BaseBuilder.php(2175): CodeIgniter\Database\BaseBuilder->setData()
#4 D:\Estudio\solutoriaTest\system\Model.php(363): CodeIgniter\Database\BaseBuilder->insertBatch()
#5 D:\Estudio\solutoriaTest\system\BaseModel.php(874): CodeIgniter\Model->doInsertBatch()
#6 D:\Estudio\solutoriaTest\app\Models\Indicadores.php(48): CodeIgniter\BaseModel->insertBatch()
#7 D:\Estudio\solutoriaTest\app\Controllers\AccessController.php(81): App\Models\Indicadores->insertData()
#8 D:\Estudio\solutoriaTest\app\Controllers\AccessController.php(41): App\Controllers\AccessController->getData()
#9 D:\Estudio\solutoriaTest\system\CodeIgniter.php(934): App\Controllers\AccessController->index()
#10 D:\Estudio\solutoriaTest\system\CodeIgniter.php(499): CodeIgniter\CodeIgniter->runController()
#11 D:\Estudio\solutoriaTest\system\CodeIgniter.php(368): CodeIgniter\CodeIgniter->handleRequest()
#12 D:\Estudio\solutoriaTest\public\index.php(67): CodeIgniter\CodeIgniter->run()
#13 D:\Estudio\solutoriaTest\system\Commands\Server\rewrite.php(47): require_once('...')
#14 {main}
CRITICAL - 2023-01-31 20:23:50 --> Unable to connect to the database.
Main connection [postgre]: Call to undefined function CodeIgniter\Database\Postgre\pg_connect()
in SYSTEMPATH\Database\BaseConnection.php on line 427.
 1 SYSTEMPATH\Database\Postgre\Connection.php(188): CodeIgniter\Database\BaseConnection->initialize()
 2 SYSTEMPATH\Database\BaseBuilder.php(1845): CodeIgniter\Database\Postgre\Connection->escape()
 3 SYSTEMPATH\Database\BaseBuilder.php(2175): CodeIgniter\Database\BaseBuilder->setData()
 4 SYSTEMPATH\Model.php(363): CodeIgniter\Database\BaseBuilder->insertBatch()
 5 SYSTEMPATH\BaseModel.php(874): CodeIgniter\Model->doInsertBatch()
 6 APPPATH\Models\Indicadores.php(48): CodeIgniter\BaseModel->insertBatch()
 7 APPPATH\Controllers\AccessController.php(81): App\Models\Indicadores->insertData()
 8 APPPATH\Controllers\AccessController.php(41): App\Controllers\AccessController->getData()
 9 SYSTEMPATH\CodeIgniter.php(934): App\Controllers\AccessController->index()
10 SYSTEMPATH\CodeIgniter.php(499): CodeIgniter\CodeIgniter->runController()
11 SYSTEMPATH\CodeIgniter.php(368): CodeIgniter\CodeIgniter->handleRequest()
12 FCPATH\index.php(67): CodeIgniter\CodeIgniter->run()
13 SYSTEMPATH\Commands\Server\rewrite.php(47): require_once('FCPATH\\index.php')
ERROR - 2023-01-31 20:38:53 --> Error connecting to the database: Error: Call to undefined function CodeIgniter\Database\Postgre\pg_connect() in D:\Estudio\solutoriaTest\system\Database\Postgre\Connection.php:75
Stack trace:
#0 D:\Estudio\solutoriaTest\system\Database\BaseConnection.php(391): CodeIgniter\Database\Postgre\Connection->connect()
#1 D:\Estudio\solutoriaTest\system\Database\Postgre\Connection.php(188): CodeIgniter\Database\BaseConnection->initialize()
#2 D:\Estudio\solutoriaTest\system\Database\BaseBuilder.php(1845): CodeIgniter\Database\Postgre\Connection->escape()
#3 D:\Estudio\solutoriaTest\system\Database\BaseBuilder.php(2175): CodeIgniter\Database\BaseBuilder->setData()
#4 D:\Estudio\solutoriaTest\app\Models\Indicadores.php(49): CodeIgniter\Database\BaseBuilder->insertBatch()
#5 D:\Estudio\solutoriaTest\app\Controllers\AccessController.php(81): App\Models\Indicadores->insertData()
#6 D:\Estudio\solutoriaTest\app\Controllers\AccessController.php(41): App\Controllers\AccessController->getData()
#7 D:\Estudio\solutoriaTest\system\CodeIgniter.php(934): App\Controllers\AccessController->index()
#8 D:\Estudio\solutoriaTest\system\CodeIgniter.php(499): CodeIgniter\CodeIgniter->runController()
#9 D:\Estudio\solutoriaTest\system\CodeIgniter.php(368): CodeIgniter\CodeIgniter->handleRequest()
#10 D:\Estudio\solutoriaTest\public\index.php(67): CodeIgniter\CodeIgniter->run()
#11 D:\Estudio\solutoriaTest\system\Commands\Server\rewrite.php(47): require_once('...')
#12 {main}
CRITICAL - 2023-01-31 20:38:53 --> Unable to connect to the database.
Main connection [postgre]: Call to undefined function CodeIgniter\Database\Postgre\pg_connect()
in SYSTEMPATH\Database\BaseConnection.php on line 427.
 1 SYSTEMPATH\Database\Postgre\Connection.php(188): CodeIgniter\Database\BaseConnection->initialize()
 2 SYSTEMPATH\Database\BaseBuilder.php(1845): CodeIgniter\Database\Postgre\Connection->escape()
 3 SYSTEMPATH\Database\BaseBuilder.php(2175): CodeIgniter\Database\BaseBuilder->setData()
 4 APPPATH\Models\Indicadores.php(49): CodeIgniter\Database\BaseBuilder->insertBatch()
 5 APPPATH\Controllers\AccessController.php(81): App\Models\Indicadores->insertData()
 6 APPPATH\Controllers\AccessController.php(41): App\Controllers\AccessController->getData()
 7 SYSTEMPATH\CodeIgniter.php(934): App\Controllers\AccessController->index()
 8 SYSTEMPATH\CodeIgniter.php(499): CodeIgniter\CodeIgniter->runController()
 9 SYSTEMPATH\CodeIgniter.php(368): CodeIgniter\CodeIgniter->handleRequest()
10 FCPATH\index.php(67): CodeIgniter\CodeIgniter->run()
11 SYSTEMPATH\Commands\Server\rewrite.php(47): require_once('FCPATH\\index.php')
ERROR - 2023-01-31 20:42:12 --> Error connecting to the database: Error: Call to undefined function CodeIgniter\Database\Postgre\pg_connect() in D:\Estudio\solutoriaTest\system\Database\Postgre\Connection.php:75
Stack trace:
#0 D:\Estudio\solutoriaTest\system\Database\BaseConnection.php(391): CodeIgniter\Database\Postgre\Connection->connect()
#1 D:\Estudio\solutoriaTest\system\Database\Postgre\Connection.php(188): CodeIgniter\Database\BaseConnection->initialize()
#2 D:\Estudio\solutoriaTest\system\Database\BaseBuilder.php(1845): CodeIgniter\Database\Postgre\Connection->escape()
#3 D:\Estudio\solutoriaTest\system\Database\BaseBuilder.php(2175): CodeIgniter\Database\BaseBuilder->setData()
#4 D:\Estudio\solutoriaTest\system\Model.php(363): CodeIgniter\Database\BaseBuilder->insertBatch()
#5 D:\Estudio\solutoriaTest\system\BaseModel.php(874): CodeIgniter\Model->doInsertBatch()
#6 D:\Estudio\solutoriaTest\app\Models\Indicadores.php(50): CodeIgniter\BaseModel->insertBatch()
#7 D:\Estudio\solutoriaTest\app\Controllers\AccessController.php(81): App\Models\Indicadores->insertData()
#8 D:\Estudio\solutoriaTest\app\Controllers\AccessController.php(41): App\Controllers\AccessController->getData()
#9 D:\Estudio\solutoriaTest\system\CodeIgniter.php(934): App\Controllers\AccessController->index()
#10 D:\Estudio\solutoriaTest\system\CodeIgniter.php(499): CodeIgniter\CodeIgniter->runController()
#11 D:\Estudio\solutoriaTest\system\CodeIgniter.php(368): CodeIgniter\CodeIgniter->handleRequest()
#12 D:\Estudio\solutoriaTest\public\index.php(67): CodeIgniter\CodeIgniter->run()
#13 D:\Estudio\solutoriaTest\system\Commands\Server\rewrite.php(47): require_once('...')
#14 {main}
CRITICAL - 2023-01-31 20:42:12 --> Unable to connect to the database.
Main connection [postgre]: Call to undefined function CodeIgniter\Database\Postgre\pg_connect()
in SYSTEMPATH\Database\BaseConnection.php on line 427.
 1 SYSTEMPATH\Database\Postgre\Connection.php(188): CodeIgniter\Database\BaseConnection->initialize()
 2 SYSTEMPATH\Database\BaseBuilder.php(1845): CodeIgniter\Database\Postgre\Connection->escape()
 3 SYSTEMPATH\Database\BaseBuilder.php(2175): CodeIgniter\Database\BaseBuilder->setData()
 4 SYSTEMPATH\Model.php(363): CodeIgniter\Database\BaseBuilder->insertBatch()
 5 SYSTEMPATH\BaseModel.php(874): CodeIgniter\Model->doInsertBatch()
 6 APPPATH\Models\Indicadores.php(50): CodeIgniter\BaseModel->insertBatch()
 7 APPPATH\Controllers\AccessController.php(81): App\Models\Indicadores->insertData()
 8 APPPATH\Controllers\AccessController.php(41): App\Controllers\AccessController->getData()
 9 SYSTEMPATH\CodeIgniter.php(934): App\Controllers\AccessController->index()
10 SYSTEMPATH\CodeIgniter.php(499): CodeIgniter\CodeIgniter->runController()
11 SYSTEMPATH\CodeIgniter.php(368): CodeIgniter\CodeIgniter->handleRequest()
12 FCPATH\index.php(67): CodeIgniter\CodeIgniter->run()
13 SYSTEMPATH\Commands\Server\rewrite.php(47): require_once('FCPATH\\index.php')
ERROR - 2023-01-31 20:43:30 --> Error connecting to the database: Error: Call to undefined function CodeIgniter\Database\Postgre\pg_connect() in D:\Estudio\solutoriaTest\system\Database\Postgre\Connection.php:75
Stack trace:
#0 D:\Estudio\solutoriaTest\system\Database\BaseConnection.php(391): CodeIgniter\Database\Postgre\Connection->connect()
#1 D:\Estudio\solutoriaTest\system\Database\Postgre\Connection.php(188): CodeIgniter\Database\BaseConnection->initialize()
#2 D:\Estudio\solutoriaTest\system\Database\BaseBuilder.php(1845): CodeIgniter\Database\Postgre\Connection->escape()
#3 D:\Estudio\solutoriaTest\system\Database\BaseBuilder.php(2175): CodeIgniter\Database\BaseBuilder->setData()
#4 D:\Estudio\solutoriaTest\system\Model.php(363): CodeIgniter\Database\BaseBuilder->insertBatch()
#5 D:\Estudio\solutoriaTest\system\BaseModel.php(874): CodeIgniter\Model->doInsertBatch()
#6 D:\Estudio\solutoriaTest\app\Models\Indicadores.php(50): CodeIgniter\BaseModel->insertBatch()
#7 D:\Estudio\solutoriaTest\app\Controllers\AccessController.php(81): App\Models\Indicadores->insertData()
#8 D:\Estudio\solutoriaTest\app\Controllers\AccessController.php(41): App\Controllers\AccessController->getData()
#9 D:\Estudio\solutoriaTest\system\CodeIgniter.php(934): App\Controllers\AccessController->index()
#10 D:\Estudio\solutoriaTest\system\CodeIgniter.php(499): CodeIgniter\CodeIgniter->runController()
#11 D:\Estudio\solutoriaTest\system\CodeIgniter.php(368): CodeIgniter\CodeIgniter->handleRequest()
#12 D:\Estudio\solutoriaTest\public\index.php(67): CodeIgniter\CodeIgniter->run()
#13 D:\Estudio\solutoriaTest\system\Commands\Server\rewrite.php(47): require_once('...')
#14 {main}
CRITICAL - 2023-01-31 20:43:30 --> Unable to connect to the database.
Main connection [postgre]: Call to undefined function CodeIgniter\Database\Postgre\pg_connect()
in SYSTEMPATH\Database\BaseConnection.php on line 427.
 1 SYSTEMPATH\Database\Postgre\Connection.php(188): CodeIgniter\Database\BaseConnection->initialize()
 2 SYSTEMPATH\Database\BaseBuilder.php(1845): CodeIgniter\Database\Postgre\Connection->escape()
 3 SYSTEMPATH\Database\BaseBuilder.php(2175): CodeIgniter\Database\BaseBuilder->setData()
 4 SYSTEMPATH\Model.php(363): CodeIgniter\Database\BaseBuilder->insertBatch()
 5 SYSTEMPATH\BaseModel.php(874): CodeIgniter\Model->doInsertBatch()
 6 APPPATH\Models\Indicadores.php(50): CodeIgniter\BaseModel->insertBatch()
 7 APPPATH\Controllers\AccessController.php(81): App\Models\Indicadores->insertData()
 8 APPPATH\Controllers\AccessController.php(41): App\Controllers\AccessController->getData()
 9 SYSTEMPATH\CodeIgniter.php(934): App\Controllers\AccessController->index()
10 SYSTEMPATH\CodeIgniter.php(499): CodeIgniter\CodeIgniter->runController()
11 SYSTEMPATH\CodeIgniter.php(368): CodeIgniter\CodeIgniter->handleRequest()
12 FCPATH\index.php(67): CodeIgniter\CodeIgniter->run()
13 SYSTEMPATH\Commands\Server\rewrite.php(47): require_once('FCPATH\\index.php')
ERROR - 2023-01-31 20:44:10 --> Error connecting to the database: Error: Call to undefined function CodeIgniter\Database\Postgre\pg_connect() in D:\Estudio\solutoriaTest\system\Database\Postgre\Connection.php:75
Stack trace:
#0 D:\Estudio\solutoriaTest\system\Database\BaseConnection.php(391): CodeIgniter\Database\Postgre\Connection->connect()
#1 D:\Estudio\solutoriaTest\system\Database\Postgre\Connection.php(188): CodeIgniter\Database\BaseConnection->initialize()
#2 D:\Estudio\solutoriaTest\system\Database\BaseBuilder.php(1845): CodeIgniter\Database\Postgre\Connection->escape()
#3 D:\Estudio\solutoriaTest\system\Database\BaseBuilder.php(2175): CodeIgniter\Database\BaseBuilder->setData()
#4 D:\Estudio\solutoriaTest\system\Model.php(363): CodeIgniter\Database\BaseBuilder->insertBatch()
#5 D:\Estudio\solutoriaTest\system\BaseModel.php(874): CodeIgniter\Model->doInsertBatch()
#6 D:\Estudio\solutoriaTest\app\Models\Indicadores.php(50): CodeIgniter\BaseModel->insertBatch()
#7 D:\Estudio\solutoriaTest\app\Controllers\AccessController.php(81): App\Models\Indicadores->insertData()
#8 D:\Estudio\solutoriaTest\app\Controllers\AccessController.php(41): App\Controllers\AccessController->getData()
#9 D:\Estudio\solutoriaTest\system\CodeIgniter.php(934): App\Controllers\AccessController->index()
#10 D:\Estudio\solutoriaTest\system\CodeIgniter.php(499): CodeIgniter\CodeIgniter->runController()
#11 D:\Estudio\solutoriaTest\system\CodeIgniter.php(368): CodeIgniter\CodeIgniter->handleRequest()
#12 D:\Estudio\solutoriaTest\public\index.php(67): CodeIgniter\CodeIgniter->run()
#13 D:\Estudio\solutoriaTest\system\Commands\Server\rewrite.php(47): require_once('...')
#14 {main}
CRITICAL - 2023-01-31 20:44:10 --> Unable to connect to the database.
Main connection [postgre]: Call to undefined function CodeIgniter\Database\Postgre\pg_connect()
in SYSTEMPATH\Database\BaseConnection.php on line 427.
 1 SYSTEMPATH\Database\Postgre\Connection.php(188): CodeIgniter\Database\BaseConnection->initialize()
 2 SYSTEMPATH\Database\BaseBuilder.php(1845): CodeIgniter\Database\Postgre\Connection->escape()
 3 SYSTEMPATH\Database\BaseBuilder.php(2175): CodeIgniter\Database\BaseBuilder->setData()
 4 SYSTEMPATH\Model.php(363): CodeIgniter\Database\BaseBuilder->insertBatch()
 5 SYSTEMPATH\BaseModel.php(874): CodeIgniter\Model->doInsertBatch()
 6 APPPATH\Models\Indicadores.php(50): CodeIgniter\BaseModel->insertBatch()
 7 APPPATH\Controllers\AccessController.php(81): App\Models\Indicadores->insertData()
 8 APPPATH\Controllers\AccessController.php(41): App\Controllers\AccessController->getData()
 9 SYSTEMPATH\CodeIgniter.php(934): App\Controllers\AccessController->index()
10 SYSTEMPATH\CodeIgniter.php(499): CodeIgniter\CodeIgniter->runController()
11 SYSTEMPATH\CodeIgniter.php(368): CodeIgniter\CodeIgniter->handleRequest()
12 FCPATH\index.php(67): CodeIgniter\CodeIgniter->run()
13 SYSTEMPATH\Commands\Server\rewrite.php(47): require_once('FCPATH\\index.php')
ERROR - 2023-01-31 20:44:32 --> Error connecting to the database: Error: Call to undefined function CodeIgniter\Database\Postgre\pg_connect() in D:\Estudio\solutoriaTest\system\Database\Postgre\Connection.php:75
Stack trace:
#0 D:\Estudio\solutoriaTest\system\Database\BaseConnection.php(391): CodeIgniter\Database\Postgre\Connection->connect()
#1 D:\Estudio\solutoriaTest\system\Database\Postgre\Connection.php(188): CodeIgniter\Database\BaseConnection->initialize()
#2 D:\Estudio\solutoriaTest\system\Database\BaseBuilder.php(1845): CodeIgniter\Database\Postgre\Connection->escape()
#3 D:\Estudio\solutoriaTest\system\Database\BaseBuilder.php(2175): CodeIgniter\Database\BaseBuilder->setData()
#4 D:\Estudio\solutoriaTest\system\Model.php(363): CodeIgniter\Database\BaseBuilder->insertBatch()
#5 D:\Estudio\solutoriaTest\system\BaseModel.php(874): CodeIgniter\Model->doInsertBatch()
#6 D:\Estudio\solutoriaTest\app\Models\Indicadores.php(50): CodeIgniter\BaseModel->insertBatch()
#7 D:\Estudio\solutoriaTest\app\Controllers\AccessController.php(81): App\Models\Indicadores->insertData()
#8 D:\Estudio\solutoriaTest\app\Controllers\AccessController.php(41): App\Controllers\AccessController->getData()
#9 D:\Estudio\solutoriaTest\system\CodeIgniter.php(934): App\Controllers\AccessController->index()
#10 D:\Estudio\solutoriaTest\system\CodeIgniter.php(499): CodeIgniter\CodeIgniter->runController()
#11 D:\Estudio\solutoriaTest\system\CodeIgniter.php(368): CodeIgniter\CodeIgniter->handleRequest()
#12 D:\Estudio\solutoriaTest\public\index.php(67): CodeIgniter\CodeIgniter->run()
#13 D:\Estudio\solutoriaTest\system\Commands\Server\rewrite.php(47): require_once('...')
#14 {main}
CRITICAL - 2023-01-31 20:44:32 --> Unable to connect to the database.
Main connection [postgre]: Call to undefined function CodeIgniter\Database\Postgre\pg_connect()
in SYSTEMPATH\Database\BaseConnection.php on line 427.
 1 SYSTEMPATH\Database\Postgre\Connection.php(188): CodeIgniter\Database\BaseConnection->initialize()
 2 SYSTEMPATH\Database\BaseBuilder.php(1845): CodeIgniter\Database\Postgre\Connection->escape()
 3 SYSTEMPATH\Database\BaseBuilder.php(2175): CodeIgniter\Database\BaseBuilder->setData()
 4 SYSTEMPATH\Model.php(363): CodeIgniter\Database\BaseBuilder->insertBatch()
 5 SYSTEMPATH\BaseModel.php(874): CodeIgniter\Model->doInsertBatch()
 6 APPPATH\Models\Indicadores.php(50): CodeIgniter\BaseModel->insertBatch()
 7 APPPATH\Controllers\AccessController.php(81): App\Models\Indicadores->insertData()
 8 APPPATH\Controllers\AccessController.php(41): App\Controllers\AccessController->getData()
 9 SYSTEMPATH\CodeIgniter.php(934): App\Controllers\AccessController->index()
10 SYSTEMPATH\CodeIgniter.php(499): CodeIgniter\CodeIgniter->runController()
11 SYSTEMPATH\CodeIgniter.php(368): CodeIgniter\CodeIgniter->handleRequest()
12 FCPATH\index.php(67): CodeIgniter\CodeIgniter->run()
13 SYSTEMPATH\Commands\Server\rewrite.php(47): require_once('FCPATH\\index.php')
ERROR - 2023-01-31 20:44:41 --> Error connecting to the database: Error: Call to undefined function CodeIgniter\Database\Postgre\pg_connect() in D:\Estudio\solutoriaTest\system\Database\Postgre\Connection.php:75
Stack trace:
#0 D:\Estudio\solutoriaTest\system\Database\BaseConnection.php(391): CodeIgniter\Database\Postgre\Connection->connect()
#1 D:\Estudio\solutoriaTest\system\Database\Postgre\Connection.php(188): CodeIgniter\Database\BaseConnection->initialize()
#2 D:\Estudio\solutoriaTest\system\Database\BaseBuilder.php(1845): CodeIgniter\Database\Postgre\Connection->escape()
#3 D:\Estudio\solutoriaTest\system\Database\BaseBuilder.php(2175): CodeIgniter\Database\BaseBuilder->setData()
#4 D:\Estudio\solutoriaTest\system\Model.php(363): CodeIgniter\Database\BaseBuilder->insertBatch()
#5 D:\Estudio\solutoriaTest\system\BaseModel.php(874): CodeIgniter\Model->doInsertBatch()
#6 D:\Estudio\solutoriaTest\app\Models\Indicadores.php(50): CodeIgniter\BaseModel->insertBatch()
#7 D:\Estudio\solutoriaTest\app\Controllers\AccessController.php(81): App\Models\Indicadores->insertData()
#8 D:\Estudio\solutoriaTest\app\Controllers\AccessController.php(41): App\Controllers\AccessController->getData()
#9 D:\Estudio\solutoriaTest\system\CodeIgniter.php(934): App\Controllers\AccessController->index()
#10 D:\Estudio\solutoriaTest\system\CodeIgniter.php(499): CodeIgniter\CodeIgniter->runController()
#11 D:\Estudio\solutoriaTest\system\CodeIgniter.php(368): CodeIgniter\CodeIgniter->handleRequest()
#12 D:\Estudio\solutoriaTest\public\index.php(67): CodeIgniter\CodeIgniter->run()
#13 D:\Estudio\solutoriaTest\system\Commands\Server\rewrite.php(47): require_once('...')
#14 {main}
CRITICAL - 2023-01-31 20:44:41 --> Unable to connect to the database.
Main connection [postgre]: Call to undefined function CodeIgniter\Database\Postgre\pg_connect()
in SYSTEMPATH\Database\BaseConnection.php on line 427.
 1 SYSTEMPATH\Database\Postgre\Connection.php(188): CodeIgniter\Database\BaseConnection->initialize()
 2 SYSTEMPATH\Database\BaseBuilder.php(1845): CodeIgniter\Database\Postgre\Connection->escape()
 3 SYSTEMPATH\Database\BaseBuilder.php(2175): CodeIgniter\Database\BaseBuilder->setData()
 4 SYSTEMPATH\Model.php(363): CodeIgniter\Database\BaseBuilder->insertBatch()
 5 SYSTEMPATH\BaseModel.php(874): CodeIgniter\Model->doInsertBatch()
 6 APPPATH\Models\Indicadores.php(50): CodeIgniter\BaseModel->insertBatch()
 7 APPPATH\Controllers\AccessController.php(81): App\Models\Indicadores->insertData()
 8 APPPATH\Controllers\AccessController.php(41): App\Controllers\AccessController->getData()
 9 SYSTEMPATH\CodeIgniter.php(934): App\Controllers\AccessController->index()
10 SYSTEMPATH\CodeIgniter.php(499): CodeIgniter\CodeIgniter->runController()
11 SYSTEMPATH\CodeIgniter.php(368): CodeIgniter\CodeIgniter->handleRequest()
12 FCPATH\index.php(67): CodeIgniter\CodeIgniter->run()
13 SYSTEMPATH\Commands\Server\rewrite.php(47): require_once('FCPATH\\index.php')
ERROR - 2023-01-31 20:52:44 --> Error connecting to the database: ErrorException: pg_connect(): Unable to connect to PostgreSQL server: could not translate host name &quot;localhost:8080&quot; to address: Unknown host in D:\Estudio\solutoriaTest\system\Database\Postgre\Connection.php:75
Stack trace:
#0 [internal function]: CodeIgniter\Debug\Exceptions->errorHandler()
#1 D:\Estudio\solutoriaTest\system\Database\Postgre\Connection.php(75): pg_connect()
#2 D:\Estudio\solutoriaTest\system\Database\BaseConnection.php(391): CodeIgniter\Database\Postgre\Connection->connect()
#3 D:\Estudio\solutoriaTest\system\Database\Postgre\Connection.php(188): CodeIgniter\Database\BaseConnection->initialize()
#4 D:\Estudio\solutoriaTest\system\Database\BaseBuilder.php(1845): CodeIgniter\Database\Postgre\Connection->escape()
#5 D:\Estudio\solutoriaTest\system\Database\BaseBuilder.php(2175): CodeIgniter\Database\BaseBuilder->setData()
#6 D:\Estudio\solutoriaTest\system\Model.php(363): CodeIgniter\Database\BaseBuilder->insertBatch()
#7 D:\Estudio\solutoriaTest\system\BaseModel.php(874): CodeIgniter\Model->doInsertBatch()
#8 D:\Estudio\solutoriaTest\app\Models\Indicadores.php(49): CodeIgniter\BaseModel->insertBatch()
#9 D:\Estudio\solutoriaTest\app\Controllers\AccessController.php(81): App\Models\Indicadores->insertData()
#10 D:\Estudio\solutoriaTest\app\Controllers\AccessController.php(41): App\Controllers\AccessController->getData()
#11 D:\Estudio\solutoriaTest\system\CodeIgniter.php(934): App\Controllers\AccessController->index()
#12 D:\Estudio\solutoriaTest\system\CodeIgniter.php(499): CodeIgniter\CodeIgniter->runController()
#13 D:\Estudio\solutoriaTest\system\CodeIgniter.php(368): CodeIgniter\CodeIgniter->handleRequest()
#14 D:\Estudio\solutoriaTest\public\index.php(67): CodeIgniter\CodeIgniter->run()
#15 D:\Estudio\solutoriaTest\system\Commands\Server\rewrite.php(47): require_once('...')
#16 {main}
CRITICAL - 2023-01-31 20:52:44 --> Unable to connect to the database.
Main connection [postgre]: pg_connect(): Unable to connect to PostgreSQL server: could not translate host name &quot;localhost:8080&quot; to address: Unknown host
in SYSTEMPATH\Database\BaseConnection.php on line 427.
 1 SYSTEMPATH\Database\Postgre\Connection.php(188): CodeIgniter\Database\BaseConnection->initialize()
 2 SYSTEMPATH\Database\BaseBuilder.php(1845): CodeIgniter\Database\Postgre\Connection->escape()
 3 SYSTEMPATH\Database\BaseBuilder.php(2175): CodeIgniter\Database\BaseBuilder->setData()
 4 SYSTEMPATH\Model.php(363): CodeIgniter\Database\BaseBuilder->insertBatch()
 5 SYSTEMPATH\BaseModel.php(874): CodeIgniter\Model->doInsertBatch()
 6 APPPATH\Models\Indicadores.php(49): CodeIgniter\BaseModel->insertBatch()
 7 APPPATH\Controllers\AccessController.php(81): App\Models\Indicadores->insertData()
 8 APPPATH\Controllers\AccessController.php(41): App\Controllers\AccessController->getData()
 9 SYSTEMPATH\CodeIgniter.php(934): App\Controllers\AccessController->index()
10 SYSTEMPATH\CodeIgniter.php(499): CodeIgniter\CodeIgniter->runController()
11 SYSTEMPATH\CodeIgniter.php(368): CodeIgniter\CodeIgniter->handleRequest()
12 FCPATH\index.php(67): CodeIgniter\CodeIgniter->run()
13 SYSTEMPATH\Commands\Server\rewrite.php(47): require_once('FCPATH\\index.php')
CRITICAL - 2023-01-31 22:33:13 --> Array to string conversion
in APPPATH\Models\Indicadores.php on line 51.
 1 APPPATH\Models\Indicadores.php(51): CodeIgniter\Debug\Exceptions->errorHandler()
 2 APPPATH\Controllers\AccessController.php(81): App\Models\Indicadores->insertData()
 3 APPPATH\Controllers\AccessController.php(41): App\Controllers\AccessController->getData()
 4 SYSTEMPATH\CodeIgniter.php(934): App\Controllers\AccessController->index()
 5 SYSTEMPATH\CodeIgniter.php(499): CodeIgniter\CodeIgniter->runController()
 6 SYSTEMPATH\CodeIgniter.php(368): CodeIgniter\CodeIgniter->handleRequest()
 7 FCPATH\index.php(67): CodeIgniter\CodeIgniter->run()
 8 SYSTEMPATH\Commands\Server\rewrite.php(47): require_once('FCPATH\\index.php')
CRITICAL - 2023-01-31 22:35:30 --> Undefined array key "id"
in APPPATH\Models\Indicadores.php on line 50.
 1 APPPATH\Models\Indicadores.php(50): CodeIgniter\Debug\Exceptions->errorHandler()
 2 APPPATH\Controllers\AccessController.php(81): App\Models\Indicadores->insertData()
 3 APPPATH\Controllers\AccessController.php(41): App\Controllers\AccessController->getData()
 4 SYSTEMPATH\CodeIgniter.php(934): App\Controllers\AccessController->index()
 5 SYSTEMPATH\CodeIgniter.php(499): CodeIgniter\CodeIgniter->runController()
 6 SYSTEMPATH\CodeIgniter.php(368): CodeIgniter\CodeIgniter->handleRequest()
 7 FCPATH\index.php(67): CodeIgniter\CodeIgniter->run()
 8 SYSTEMPATH\Commands\Server\rewrite.php(47): require_once('FCPATH\\index.php')
CRITICAL - 2023-01-31 22:35:41 --> Attempt to read property "id" on array
in APPPATH\Models\Indicadores.php on line 50.
 1 APPPATH\Models\Indicadores.php(50): CodeIgniter\Debug\Exceptions->errorHandler()
 2 APPPATH\Controllers\AccessController.php(81): App\Models\Indicadores->insertData()
 3 APPPATH\Controllers\AccessController.php(41): App\Controllers\AccessController->getData()
 4 SYSTEMPATH\CodeIgniter.php(934): App\Controllers\AccessController->index()
 5 SYSTEMPATH\CodeIgniter.php(499): CodeIgniter\CodeIgniter->runController()
 6 SYSTEMPATH\CodeIgniter.php(368): CodeIgniter\CodeIgniter->handleRequest()
 7 FCPATH\index.php(67): CodeIgniter\CodeIgniter->run()
 8 SYSTEMPATH\Commands\Server\rewrite.php(47): require_once('FCPATH\\index.php')
CRITICAL - 2023-01-31 22:36:05 --> Undefined array key "id"
in APPPATH\Models\Indicadores.php on line 50.
 1 APPPATH\Models\Indicadores.php(50): CodeIgniter\Debug\Exceptions->errorHandler()
 2 APPPATH\Controllers\AccessController.php(81): App\Models\Indicadores->insertData()
 3 APPPATH\Controllers\AccessController.php(41): App\Controllers\AccessController->getData()
 4 SYSTEMPATH\CodeIgniter.php(934): App\Controllers\AccessController->index()
 5 SYSTEMPATH\CodeIgniter.php(499): CodeIgniter\CodeIgniter->runController()
 6 SYSTEMPATH\CodeIgniter.php(368): CodeIgniter\CodeIgniter->handleRequest()
 7 FCPATH\index.php(67): CodeIgniter\CodeIgniter->run()
 8 SYSTEMPATH\Commands\Server\rewrite.php(47): require_once('FCPATH\\index.php')
CRITICAL - 2023-01-31 22:36:38 --> Attempt to read property "id" on array
in APPPATH\Models\Indicadores.php on line 50.
 1 APPPATH\Models\Indicadores.php(50): CodeIgniter\Debug\Exceptions->errorHandler()
 2 APPPATH\Controllers\AccessController.php(81): App\Models\Indicadores->insertData()
 3 APPPATH\Controllers\AccessController.php(41): App\Controllers\AccessController->getData()
 4 SYSTEMPATH\CodeIgniter.php(934): App\Controllers\AccessController->index()
 5 SYSTEMPATH\CodeIgniter.php(499): CodeIgniter\CodeIgniter->runController()
 6 SYSTEMPATH\CodeIgniter.php(368): CodeIgniter\CodeIgniter->handleRequest()
 7 FCPATH\index.php(67): CodeIgniter\CodeIgniter->run()
 8 SYSTEMPATH\Commands\Server\rewrite.php(47): require_once('FCPATH\\index.php')
CRITICAL - 2023-01-31 22:58:22 --> CodeIgniter\Database\BaseBuilder::get(): Argument #1 ($limit) must be of type ?int, string given, called in D:\Estudio\solutoriaTest\system\Model.php on line 839
in SYSTEMPATH\Database\BaseBuilder.php on line 1594.
 1 SYSTEMPATH\Model.php(839): CodeIgniter\Database\BaseBuilder->get()
 2 APPPATH\Models\Indicadores.php(20): CodeIgniter\Model->__call()
 3 APPPATH\Controllers\AccessController.php(15): App\Models\Indicadores->theTableIsEmpty()
 4 SYSTEMPATH\CodeIgniter.php(934): App\Controllers\AccessController->index()
 5 SYSTEMPATH\CodeIgniter.php(499): CodeIgniter\CodeIgniter->runController()
 6 SYSTEMPATH\CodeIgniter.php(368): CodeIgniter\CodeIgniter->handleRequest()
 7 FCPATH\index.php(67): CodeIgniter\CodeIgniter->run()
 8 SYSTEMPATH\Commands\Server\rewrite.php(47): require_once('FCPATH\\index.php')
CRITICAL - 2023-01-31 23:00:06 --> CodeIgniter\Database\BaseBuilder::get(): Argument #1 ($limit) must be of type ?int, string given, called in D:\Estudio\solutoriaTest\system\Model.php on line 839
in SYSTEMPATH\Database\BaseBuilder.php on line 1594.
 1 SYSTEMPATH\Model.php(839): CodeIgniter\Database\BaseBuilder->get()
 2 APPPATH\Models\Indicadores.php(20): CodeIgniter\Model->__call()
 3 APPPATH\Controllers\AccessController.php(15): App\Models\Indicadores->theTableIsEmpty()
 4 SYSTEMPATH\CodeIgniter.php(934): App\Controllers\AccessController->index()
 5 SYSTEMPATH\CodeIgniter.php(499): CodeIgniter\CodeIgniter->runController()
 6 SYSTEMPATH\CodeIgniter.php(368): CodeIgniter\CodeIgniter->handleRequest()
 7 FCPATH\index.php(67): CodeIgniter\CodeIgniter->run()
 8 SYSTEMPATH\Commands\Server\rewrite.php(47): require_once('FCPATH\\index.php')
CRITICAL - 2023-01-31 23:00:12 --> CodeIgniter\Database\BaseBuilder::get(): Argument #1 ($limit) must be of type ?int, string given, called in D:\Estudio\solutoriaTest\system\Model.php on line 839
in SYSTEMPATH\Database\BaseBuilder.php on line 1594.
 1 SYSTEMPATH\Model.php(839): CodeIgniter\Database\BaseBuilder->get()
 2 APPPATH\Models\Indicadores.php(20): CodeIgniter\Model->__call()
 3 APPPATH\Controllers\AccessController.php(15): App\Models\Indicadores->theTableIsEmpty()
 4 SYSTEMPATH\CodeIgniter.php(934): App\Controllers\AccessController->index()
 5 SYSTEMPATH\CodeIgniter.php(499): CodeIgniter\CodeIgniter->runController()
 6 SYSTEMPATH\CodeIgniter.php(368): CodeIgniter\CodeIgniter->handleRequest()
 7 FCPATH\index.php(67): CodeIgniter\CodeIgniter->run()
 8 SYSTEMPATH\Commands\Server\rewrite.php(47): require_once('FCPATH\\index.php')
CRITICAL - 2023-01-31 23:01:20 --> CodeIgniter\Database\BaseBuilder::get(): Argument #1 ($limit) must be of type ?int, string given, called in D:\Estudio\solutoriaTest\system\Model.php on line 839
in SYSTEMPATH\Database\BaseBuilder.php on line 1594.
 1 SYSTEMPATH\Model.php(839): CodeIgniter\Database\BaseBuilder->get()
 2 APPPATH\Models\Indicadores.php(20): CodeIgniter\Model->__call()
 3 APPPATH\Controllers\AccessController.php(15): App\Models\Indicadores->theTableIsEmpty()
 4 SYSTEMPATH\CodeIgniter.php(934): App\Controllers\AccessController->index()
 5 SYSTEMPATH\CodeIgniter.php(499): CodeIgniter\CodeIgniter->runController()
 6 SYSTEMPATH\CodeIgniter.php(368): CodeIgniter\CodeIgniter->handleRequest()
 7 FCPATH\index.php(67): CodeIgniter\CodeIgniter->run()
 8 SYSTEMPATH\Commands\Server\rewrite.php(47): require_once('FCPATH\\index.php')
CRITICAL - 2023-01-31 23:01:52 --> CodeIgniter\Database\BaseBuilder::get(): Argument #1 ($limit) must be of type ?int, string given, called in D:\Estudio\solutoriaTest\system\Model.php on line 839
in SYSTEMPATH\Database\BaseBuilder.php on line 1594.
 1 SYSTEMPATH\Model.php(839): CodeIgniter\Database\BaseBuilder->get()
 2 APPPATH\Models\Indicadores.php(20): CodeIgniter\Model->__call()
 3 APPPATH\Controllers\AccessController.php(15): App\Models\Indicadores->theTableIsEmpty()
 4 SYSTEMPATH\CodeIgniter.php(934): App\Controllers\AccessController->index()
 5 SYSTEMPATH\CodeIgniter.php(499): CodeIgniter\CodeIgniter->runController()
 6 SYSTEMPATH\CodeIgniter.php(368): CodeIgniter\CodeIgniter->handleRequest()
 7 FCPATH\index.php(67): CodeIgniter\CodeIgniter->run()
 8 SYSTEMPATH\Commands\Server\rewrite.php(47): require_once('FCPATH\\index.php')
CRITICAL - 2023-01-31 23:01:59 --> Object of class CodeIgniter\Database\Postgre\Result could not be converted to string
in APPPATH\Models\Indicadores.php on line 20.
 1 APPPATH\Controllers\AccessController.php(15): App\Models\Indicadores->theTableIsEmpty()
 2 SYSTEMPATH\CodeIgniter.php(934): App\Controllers\AccessController->index()
 3 SYSTEMPATH\CodeIgniter.php(499): CodeIgniter\CodeIgniter->runController()
 4 SYSTEMPATH\CodeIgniter.php(368): CodeIgniter\CodeIgniter->handleRequest()
 5 FCPATH\index.php(67): CodeIgniter\CodeIgniter->run()
 6 SYSTEMPATH\Commands\Server\rewrite.php(47): require_once('FCPATH\\index.php')
CRITICAL - 2023-01-31 23:04:13 --> Object of class CodeIgniter\Database\Postgre\Result could not be converted to string
in APPPATH\Models\Indicadores.php on line 24.
 1 APPPATH\Controllers\AccessController.php(15): App\Models\Indicadores->theTableIsEmpty()
 2 SYSTEMPATH\CodeIgniter.php(934): App\Controllers\AccessController->index()
 3 SYSTEMPATH\CodeIgniter.php(499): CodeIgniter\CodeIgniter->runController()
 4 SYSTEMPATH\CodeIgniter.php(368): CodeIgniter\CodeIgniter->handleRequest()
 5 FCPATH\index.php(67): CodeIgniter\CodeIgniter->run()
 6 SYSTEMPATH\Commands\Server\rewrite.php(47): require_once('FCPATH\\index.php')
CRITICAL - 2023-01-31 23:04:39 --> Call to undefined method CodeIgniter\Database\Postgre\Result::num_rows()
in APPPATH\Models\Indicadores.php on line 24.
 1 APPPATH\Controllers\AccessController.php(15): App\Models\Indicadores->theTableIsEmpty()
 2 SYSTEMPATH\CodeIgniter.php(934): App\Controllers\AccessController->index()
 3 SYSTEMPATH\CodeIgniter.php(499): CodeIgniter\CodeIgniter->runController()
 4 SYSTEMPATH\CodeIgniter.php(368): CodeIgniter\CodeIgniter->handleRequest()
 5 FCPATH\index.php(67): CodeIgniter\CodeIgniter->run()
 6 SYSTEMPATH\Commands\Server\rewrite.php(47): require_once('FCPATH\\index.php')
CRITICAL - 2023-01-31 23:06:36 --> Call to a member function model() on null
in APPPATH\Models\Indicadores.php on line 27.
 1 APPPATH\Controllers\AccessController.php(15): App\Models\Indicadores->theTableIsEmpty()
 2 SYSTEMPATH\CodeIgniter.php(934): App\Controllers\AccessController->index()
 3 SYSTEMPATH\CodeIgniter.php(499): CodeIgniter\CodeIgniter->runController()
 4 SYSTEMPATH\CodeIgniter.php(368): CodeIgniter\CodeIgniter->handleRequest()
 5 FCPATH\index.php(67): CodeIgniter\CodeIgniter->run()
 6 SYSTEMPATH\Commands\Server\rewrite.php(47): require_once('FCPATH\\index.php')
CRITICAL - 2023-01-31 23:06:52 --> Call to undefined method App\Models\Indicadores::model
in SYSTEMPATH\Model.php on line 841.
 1 APPPATH\Models\Indicadores.php(27): CodeIgniter\Model->__call()
 2 APPPATH\Controllers\AccessController.php(15): App\Models\Indicadores->theTableIsEmpty()
 3 SYSTEMPATH\CodeIgniter.php(934): App\Controllers\AccessController->index()
 4 SYSTEMPATH\CodeIgniter.php(499): CodeIgniter\CodeIgniter->runController()
 5 SYSTEMPATH\CodeIgniter.php(368): CodeIgniter\CodeIgniter->handleRequest()
 6 FCPATH\index.php(67): CodeIgniter\CodeIgniter->run()
 7 SYSTEMPATH\Commands\Server\rewrite.php(47): require_once('FCPATH\\index.php')
CRITICAL - 2023-01-31 23:06:58 --> Call to a member function model() on null
in APPPATH\Models\Indicadores.php on line 27.
 1 APPPATH\Controllers\AccessController.php(15): App\Models\Indicadores->theTableIsEmpty()
 2 SYSTEMPATH\CodeIgniter.php(934): App\Controllers\AccessController->index()
 3 SYSTEMPATH\CodeIgniter.php(499): CodeIgniter\CodeIgniter->runController()
 4 SYSTEMPATH\CodeIgniter.php(368): CodeIgniter\CodeIgniter->handleRequest()
 5 FCPATH\index.php(67): CodeIgniter\CodeIgniter->run()
 6 SYSTEMPATH\Commands\Server\rewrite.php(47): require_once('FCPATH\\index.php')
CRITICAL - 2023-01-31 23:10:09 --> Call to undefined method App\Models\Indicadores::count_all_results
in SYSTEMPATH\Model.php on line 841.
 1 APPPATH\Models\Indicadores.php(28): CodeIgniter\Model->__call()
 2 APPPATH\Controllers\AccessController.php(15): App\Models\Indicadores->theTableIsEmpty()
 3 SYSTEMPATH\CodeIgniter.php(934): App\Controllers\AccessController->index()
 4 SYSTEMPATH\CodeIgniter.php(499): CodeIgniter\CodeIgniter->runController()
 5 SYSTEMPATH\CodeIgniter.php(368): CodeIgniter\CodeIgniter->handleRequest()
 6 FCPATH\index.php(67): CodeIgniter\CodeIgniter->run()
 7 SYSTEMPATH\Commands\Server\rewrite.php(47): require_once('FCPATH\\index.php')
