ERROR - 2023-02-03 15:09:13 --> ErrorException: pg_query(): Query failed: ERROR:  la sintaxis de entrada no es válida para tipo date: «»
LINE 3: WHERE &quot;fechaIndicador&quot; BETWEEN '2023-02-02' AND ''
                                                        ^ in D:\Estudio\solutoriaTest\system\Database\Postgre\Connection.php:147
Stack trace:
#0 [internal function]: CodeIgniter\Debug\Exceptions->errorHandler()
#1 D:\Estudio\solutoriaTest\system\Database\Postgre\Connection.php(147): pg_query()
#2 D:\Estudio\solutoriaTest\system\Database\BaseConnection.php(691): CodeIgniter\Database\Postgre\Connection->execute()
#3 D:\Estudio\solutoriaTest\system\Database\BaseConnection.php(605): CodeIgniter\Database\BaseConnection->simpleQuery()
#4 D:\Estudio\solutoriaTest\system\Database\BaseBuilder.php(1602): CodeIgniter\Database\BaseConnection->query()
#5 D:\Estudio\solutoriaTest\system\Model.php(240): CodeIgniter\Database\BaseBuilder->get()
#6 D:\Estudio\solutoriaTest\system\BaseModel.php(618): CodeIgniter\Model->doFindAll()
#7 D:\Estudio\solutoriaTest\app\Models\Indicadores.php(43): CodeIgniter\BaseModel->findAll()
#8 D:\Estudio\solutoriaTest\app\Controllers\IndicadoresController.php(31): App\Models\Indicadores->getDataFilter()
#9 D:\Estudio\solutoriaTest\system\CodeIgniter.php(934): App\Controllers\IndicadoresController->getDataFilter()
#10 D:\Estudio\solutoriaTest\system\CodeIgniter.php(499): CodeIgniter\CodeIgniter->runController()
#11 D:\Estudio\solutoriaTest\system\CodeIgniter.php(368): CodeIgniter\CodeIgniter->handleRequest()
#12 D:\Estudio\solutoriaTest\public\index.php(67): CodeIgniter\CodeIgniter->run()
#13 D:\Estudio\solutoriaTest\system\Commands\Server\rewrite.php(47): require_once('...')
#14 {main}
CRITICAL - 2023-02-03 15:09:13 --> pg_query(): Query failed: ERROR:  la sintaxis de entrada no es válida para tipo date: «»
LINE 3: WHERE &quot;fechaIndicador&quot; BETWEEN '2023-02-02' AND ''
                                                        ^
in SYSTEMPATH\Database\BaseConnection.php on line 645.
 1 SYSTEMPATH\Database\BaseBuilder.php(1602): CodeIgniter\Database\BaseConnection->query()
 2 SYSTEMPATH\Model.php(240): CodeIgniter\Database\BaseBuilder->get()
 3 SYSTEMPATH\BaseModel.php(618): CodeIgniter\Model->doFindAll()
 4 APPPATH\Models\Indicadores.php(43): CodeIgniter\BaseModel->findAll()
 5 APPPATH\Controllers\IndicadoresController.php(31): App\Models\Indicadores->getDataFilter()
 6 SYSTEMPATH\CodeIgniter.php(934): App\Controllers\IndicadoresController->getDataFilter()
 7 SYSTEMPATH\CodeIgniter.php(499): CodeIgniter\CodeIgniter->runController()
 8 SYSTEMPATH\CodeIgniter.php(368): CodeIgniter\CodeIgniter->handleRequest()
 9 FCPATH\index.php(67): CodeIgniter\CodeIgniter->run()
10 SYSTEMPATH\Commands\Server\rewrite.php(47): require_once('FCPATH\\index.php')
CRITICAL - 2023-02-03 20:41:38 --> Invalid file: "js/crud.js.php"
in SYSTEMPATH\Exceptions\FrameworkException.php on line 33.
 1 SYSTEMPATH\View\View.php(201): CodeIgniter\Exceptions\FrameworkException::forInvalidFile()
 2 SYSTEMPATH\View\View.php(431): CodeIgniter\View\View->render()
 3 APPPATH\Views\crud\crud.php(552): CodeIgniter\View\View->include()
 4 SYSTEMPATH\View\View.php(213): include('APPPATH\\Views\\crud\\crud.php')
 5 SYSTEMPATH\View\View.php(216): CodeIgniter\View\View->CodeIgniter\View\{closure}()
 6 SYSTEMPATH\Common.php(1177): CodeIgniter\View\View->render()
 7 APPPATH\Controllers\IndicadoresController.php(17): view()
 8 SYSTEMPATH\CodeIgniter.php(934): App\Controllers\IndicadoresController->crud()
 9 SYSTEMPATH\CodeIgniter.php(499): CodeIgniter\CodeIgniter->runController()
10 SYSTEMPATH\CodeIgniter.php(368): CodeIgniter\CodeIgniter->handleRequest()
11 FCPATH\index.php(67): CodeIgniter\CodeIgniter->run()
12 SYSTEMPATH\Commands\Server\rewrite.php(47): require_once('FCPATH\\index.php')
